[0.129s] DEBUG:colcon:Command line arguments: ['/usr/bin/colcon', 'build']
[0.129s] DEBUG:colcon:Parsed command line arguments: Namespace(log_base=None, log_level=None, verb_name='build', build_base='build', install_base='install', merge_install=False, symlink_install=False, test_result_base=None, continue_on_error=False, executor='parallel', parallel_workers=4, event_handlers=None, ignore_user_meta=False, metas=['./colcon.meta'], base_paths=['.'], packages_ignore=None, packages_ignore_regex=None, paths=None, packages_up_to=None, packages_up_to_regex=None, packages_above=None, packages_above_and_dependencies=None, packages_above_depth=None, packages_select_by_dep=None, packages_skip_by_dep=None, packages_skip_up_to=None, packages_select_build_failed=False, packages_skip_build_finished=False, packages_select_test_failures=False, packages_skip_test_passed=False, packages_select=None, packages_skip=None, packages_select_regex=None, packages_skip_regex=None, packages_start=None, packages_end=None, cmake_args=None, cmake_target=None, cmake_target_skip_unavailable=False, cmake_clean_cache=False, cmake_clean_first=False, cmake_force_configure=False, ament_cmake_args=None, catkin_cmake_args=None, catkin_skip_building_tests=False, mixin_files=None, mixin=None, verb_parser=<colcon_mixin.mixin.mixin_argument.MixinArgumentDecorator object at 0x7fff4c6685f0>, verb_extension=<colcon_core.verb.build.BuildVerb object at 0x7fff4c643830>, main=<bound method BuildVerb.main of <colcon_core.verb.build.BuildVerb object at 0x7fff4c643830>>, mixin_verb=('build',))
[0.173s] Level 1:colcon.colcon_core.package_discovery:discover_packages(colcon_meta) check parameters
[0.174s] INFO:colcon.colcon_metadata.package_discovery.colcon_meta:Using configuration from '/root/.colcon/metadata/default/Gazebo.meta'
[0.175s] INFO:colcon.colcon_metadata.package_discovery.colcon_meta:Using configuration from '/root/.colcon/metadata/default/fastrtps.meta'
[0.175s] Level 1:colcon.colcon_core.package_discovery:discover_packages(recursive) check parameters
[0.175s] Level 1:colcon.colcon_core.package_discovery:discover_packages(ignore) check parameters
[0.175s] Level 1:colcon.colcon_core.package_discovery:discover_packages(path) check parameters
[0.175s] Level 1:colcon.colcon_core.package_discovery:discover_packages(colcon_meta) discover
[0.175s] Level 1:colcon.colcon_core.package_discovery:discover_packages(recursive) discover
[0.175s] INFO:colcon.colcon_core.package_discovery:Crawling recursively for packages in '/root/ros2_ws'
[0.175s] Level 1:colcon.colcon_core.package_identification:_identify(.) by extensions ['ignore', 'ignore_ament_install']
[0.175s] Level 1:colcon.colcon_core.package_identification:_identify(.) by extension 'ignore'
[0.175s] Level 1:colcon.colcon_core.package_identification:_identify(.) by extension 'ignore_ament_install'
[0.175s] Level 1:colcon.colcon_core.package_identification:_identify(.) by extensions ['colcon_pkg']
[0.175s] Level 1:colcon.colcon_core.package_identification:_identify(.) by extension 'colcon_pkg'
[0.175s] Level 1:colcon.colcon_core.package_identification:_identify(.) by extensions ['colcon_meta']
[0.175s] Level 1:colcon.colcon_core.package_identification:_identify(.) by extension 'colcon_meta'
[0.175s] Level 1:colcon.colcon_core.package_identification:_identify(.) by extensions ['ros']
[0.175s] Level 1:colcon.colcon_core.package_identification:_identify(.) by extension 'ros'
[0.207s] Level 1:colcon.colcon_core.package_identification:_identify(.) by extensions ['cmake', 'python']
[0.207s] Level 1:colcon.colcon_core.package_identification:_identify(.) by extension 'cmake'
[0.208s] Level 1:colcon.colcon_core.package_identification:_identify(.) by extension 'python'
[0.208s] Level 1:colcon.colcon_core.package_identification:_identify(.) by extensions ['python_setup_py']
[0.208s] Level 1:colcon.colcon_core.package_identification:_identify(.) by extension 'python_setup_py'
[0.208s] Level 1:colcon.colcon_core.package_identification:_identify(build) by extensions ['ignore', 'ignore_ament_install']
[0.208s] Level 1:colcon.colcon_core.package_identification:_identify(build) by extension 'ignore'
[0.208s] Level 1:colcon.colcon_core.package_identification:_identify(build) ignored
[0.208s] Level 1:colcon.colcon_core.package_identification:_identify(install) by extensions ['ignore', 'ignore_ament_install']
[0.208s] Level 1:colcon.colcon_core.package_identification:_identify(install) by extension 'ignore'
[0.208s] Level 1:colcon.colcon_core.package_identification:_identify(install) ignored
[0.208s] Level 1:colcon.colcon_core.package_identification:_identify(log) by extensions ['ignore', 'ignore_ament_install']
[0.208s] Level 1:colcon.colcon_core.package_identification:_identify(log) by extension 'ignore'
[0.208s] Level 1:colcon.colcon_core.package_identification:_identify(log) ignored
[0.208s] Level 1:colcon.colcon_core.package_identification:_identify(src) by extensions ['ignore', 'ignore_ament_install']
[0.208s] Level 1:colcon.colcon_core.package_identification:_identify(src) by extension 'ignore'
[0.209s] Level 1:colcon.colcon_core.package_identification:_identify(src) by extension 'ignore_ament_install'
[0.209s] Level 1:colcon.colcon_core.package_identification:_identify(src) by extensions ['colcon_pkg']
[0.209s] Level 1:colcon.colcon_core.package_identification:_identify(src) by extension 'colcon_pkg'
[0.209s] Level 1:colcon.colcon_core.package_identification:_identify(src) by extensions ['colcon_meta']
[0.209s] Level 1:colcon.colcon_core.package_identification:_identify(src) by extension 'colcon_meta'
[0.209s] Level 1:colcon.colcon_core.package_identification:_identify(src) by extensions ['ros']
[0.209s] Level 1:colcon.colcon_core.package_identification:_identify(src) by extension 'ros'
[0.209s] Level 1:colcon.colcon_core.package_identification:_identify(src) by extensions ['cmake', 'python']
[0.209s] Level 1:colcon.colcon_core.package_identification:_identify(src) by extension 'cmake'
[0.209s] Level 1:colcon.colcon_core.package_identification:_identify(src) by extension 'python'
[0.209s] Level 1:colcon.colcon_core.package_identification:_identify(src) by extensions ['python_setup_py']
[0.209s] Level 1:colcon.colcon_core.package_identification:_identify(src) by extension 'python_setup_py'
[0.209s] Level 1:colcon.colcon_core.package_identification:_identify(src/drone_controlling) by extensions ['ignore', 'ignore_ament_install']
[0.209s] Level 1:colcon.colcon_core.package_identification:_identify(src/drone_controlling) by extension 'ignore'
[0.209s] Level 1:colcon.colcon_core.package_identification:_identify(src/drone_controlling) by extension 'ignore_ament_install'
[0.209s] Level 1:colcon.colcon_core.package_identification:_identify(src/drone_controlling) by extensions ['colcon_pkg']
[0.209s] Level 1:colcon.colcon_core.package_identification:_identify(src/drone_controlling) by extension 'colcon_pkg'
[0.209s] Level 1:colcon.colcon_core.package_identification:_identify(src/drone_controlling) by extensions ['colcon_meta']
[0.209s] Level 1:colcon.colcon_core.package_identification:_identify(src/drone_controlling) by extension 'colcon_meta'
[0.209s] Level 1:colcon.colcon_core.package_identification:_identify(src/drone_controlling) by extensions ['ros']
[0.209s] Level 1:colcon.colcon_core.package_identification:_identify(src/drone_controlling) by extension 'ros'
[0.214s] DEBUG:colcon.colcon_core.package_identification:Package 'src/drone_controlling' with type 'ros.ament_python' and name 'drone_controlling'
[0.214s] Level 1:colcon.colcon_core.package_identification:_identify(src/drone_interfaces) by extensions ['ignore', 'ignore_ament_install']
[0.215s] Level 1:colcon.colcon_core.package_identification:_identify(src/drone_interfaces) by extension 'ignore'
[0.215s] Level 1:colcon.colcon_core.package_identification:_identify(src/drone_interfaces) by extension 'ignore_ament_install'
[0.215s] Level 1:colcon.colcon_core.package_identification:_identify(src/drone_interfaces) by extensions ['colcon_pkg']
[0.215s] Level 1:colcon.colcon_core.package_identification:_identify(src/drone_interfaces) by extension 'colcon_pkg'
[0.215s] Level 1:colcon.colcon_core.package_identification:_identify(src/drone_interfaces) by extensions ['colcon_meta']
[0.215s] Level 1:colcon.colcon_core.package_identification:_identify(src/drone_interfaces) by extension 'colcon_meta'
[0.215s] Level 1:colcon.colcon_core.package_identification:_identify(src/drone_interfaces) by extensions ['ros']
[0.215s] Level 1:colcon.colcon_core.package_identification:_identify(src/drone_interfaces) by extension 'ros'
[0.215s] DEBUG:colcon.colcon_core.package_identification:Package 'src/drone_interfaces' with type 'ros.ament_cmake' and name 'drone_interfaces'
[0.215s] Level 1:colcon.colcon_core.package_discovery:discover_packages(recursive) using defaults
[0.216s] Level 1:colcon.colcon_core.package_discovery:discover_packages(ignore) discover
[0.216s] Level 1:colcon.colcon_core.package_discovery:discover_packages(ignore) using defaults
[0.216s] Level 1:colcon.colcon_core.package_discovery:discover_packages(path) discover
[0.216s] Level 1:colcon.colcon_core.package_discovery:discover_packages(path) using defaults
[0.237s] Level 5:colcon.colcon_core.verb:set package 'drone_interfaces' build argument 'cmake_args' from command line to 'None'
[0.237s] Level 5:colcon.colcon_core.verb:set package 'drone_interfaces' build argument 'cmake_target' from command line to 'None'
[0.237s] Level 5:colcon.colcon_core.verb:set package 'drone_interfaces' build argument 'cmake_target_skip_unavailable' from command line to 'False'
[0.237s] Level 5:colcon.colcon_core.verb:set package 'drone_interfaces' build argument 'cmake_clean_cache' from command line to 'False'
[0.237s] Level 5:colcon.colcon_core.verb:set package 'drone_interfaces' build argument 'cmake_clean_first' from command line to 'False'
[0.237s] Level 5:colcon.colcon_core.verb:set package 'drone_interfaces' build argument 'cmake_force_configure' from command line to 'False'
[0.237s] Level 5:colcon.colcon_core.verb:set package 'drone_interfaces' build argument 'ament_cmake_args' from command line to 'None'
[0.237s] Level 5:colcon.colcon_core.verb:set package 'drone_interfaces' build argument 'catkin_cmake_args' from command line to 'None'
[0.237s] Level 5:colcon.colcon_core.verb:set package 'drone_interfaces' build argument 'catkin_skip_building_tests' from command line to 'False'
[0.237s] DEBUG:colcon.colcon_core.verb:Building package 'drone_interfaces' with the following arguments: {'ament_cmake_args': None, 'build_base': '/root/ros2_ws/build/drone_interfaces', 'catkin_cmake_args': None, 'catkin_skip_building_tests': False, 'cmake_args': None, 'cmake_clean_cache': False, 'cmake_clean_first': False, 'cmake_force_configure': False, 'cmake_target': None, 'cmake_target_skip_unavailable': False, 'install_base': '/root/ros2_ws/install/drone_interfaces', 'merge_install': False, 'path': '/root/ros2_ws/src/drone_interfaces', 'symlink_install': False, 'test_result_base': None}
[0.237s] Level 5:colcon.colcon_core.verb:set package 'drone_controlling' build argument 'cmake_args' from command line to 'None'
[0.237s] Level 5:colcon.colcon_core.verb:set package 'drone_controlling' build argument 'cmake_target' from command line to 'None'
[0.237s] Level 5:colcon.colcon_core.verb:set package 'drone_controlling' build argument 'cmake_target_skip_unavailable' from command line to 'False'
[0.237s] Level 5:colcon.colcon_core.verb:set package 'drone_controlling' build argument 'cmake_clean_cache' from command line to 'False'
[0.237s] Level 5:colcon.colcon_core.verb:set package 'drone_controlling' build argument 'cmake_clean_first' from command line to 'False'
[0.237s] Level 5:colcon.colcon_core.verb:set package 'drone_controlling' build argument 'cmake_force_configure' from command line to 'False'
[0.237s] Level 5:colcon.colcon_core.verb:set package 'drone_controlling' build argument 'ament_cmake_args' from command line to 'None'
[0.237s] Level 5:colcon.colcon_core.verb:set package 'drone_controlling' build argument 'catkin_cmake_args' from command line to 'None'
[0.237s] Level 5:colcon.colcon_core.verb:set package 'drone_controlling' build argument 'catkin_skip_building_tests' from command line to 'False'
[0.237s] DEBUG:colcon.colcon_core.verb:Building package 'drone_controlling' with the following arguments: {'ament_cmake_args': None, 'build_base': '/root/ros2_ws/build/drone_controlling', 'catkin_cmake_args': None, 'catkin_skip_building_tests': False, 'cmake_args': None, 'cmake_clean_cache': False, 'cmake_clean_first': False, 'cmake_force_configure': False, 'cmake_target': None, 'cmake_target_skip_unavailable': False, 'install_base': '/root/ros2_ws/install/drone_controlling', 'merge_install': False, 'path': '/root/ros2_ws/src/drone_controlling', 'symlink_install': False, 'test_result_base': None}
[0.238s] INFO:colcon.colcon_core.executor:Executing jobs using 'parallel' executor
[0.239s] DEBUG:colcon.colcon_parallel_executor.executor.parallel:run_until_complete
[0.239s] INFO:colcon.colcon_ros.task.ament_cmake.build:Building ROS package in '/root/ros2_ws/src/drone_interfaces' with build type 'ament_cmake'
[0.239s] INFO:colcon.colcon_cmake.task.cmake.build:Building CMake package in '/root/ros2_ws/src/drone_interfaces'
[0.241s] INFO:colcon.colcon_core.plugin_system:Skipping extension 'colcon_core.shell.bat': Not used on non-Windows systems
[0.242s] INFO:colcon.colcon_core.shell:Skip shell extension 'powershell' for command environment: Not usable outside of PowerShell
[0.242s] DEBUG:colcon.colcon_core.shell:Skip shell extension 'dsv' for command environment
[0.251s] DEBUG:colcon.colcon_core.event_handler.log_command:Invoking command in '/root/ros2_ws/build/drone_interfaces': CMAKE_PREFIX_PATH=${CMAKE_PREFIX_PATH}:/root/ros2_ws/install/drone_controlling:/opt/ros/jazzy /usr/bin/cmake --build /root/ros2_ws/build/drone_interfaces -- -j4 -l4
[0.947s] DEBUG:colcon.colcon_core.event_handler.log_command:Invoked command in '/root/ros2_ws/build/drone_interfaces' returned '0': CMAKE_PREFIX_PATH=${CMAKE_PREFIX_PATH}:/root/ros2_ws/install/drone_controlling:/opt/ros/jazzy /usr/bin/cmake --build /root/ros2_ws/build/drone_interfaces -- -j4 -l4
[1.031s] DEBUG:colcon.colcon_core.event_handler.log_command:Invoking command in '/root/ros2_ws/build/drone_interfaces': CMAKE_PREFIX_PATH=${CMAKE_PREFIX_PATH}:/root/ros2_ws/install/drone_controlling:/opt/ros/jazzy /usr/bin/cmake --install /root/ros2_ws/build/drone_interfaces
[1.128s] Level 1:colcon.colcon_core.environment:create_environment_scripts_only(drone_interfaces)
[1.129s] DEBUG:colcon.colcon_core.event_handler.log_command:Invoked command in '/root/ros2_ws/build/drone_interfaces' returned '0': CMAKE_PREFIX_PATH=${CMAKE_PREFIX_PATH}:/root/ros2_ws/install/drone_controlling:/opt/ros/jazzy /usr/bin/cmake --install /root/ros2_ws/build/drone_interfaces
[1.131s] Level 1:colcon.colcon_core.environment:checking '/root/ros2_ws/install/drone_interfaces' for CMake module files
[1.132s] Level 1:colcon.colcon_core.environment:checking '/root/ros2_ws/install/drone_interfaces' for CMake config files
[1.132s] Level 1:colcon.colcon_core.shell:create_environment_hook('drone_interfaces', 'cmake_prefix_path')
[1.133s] INFO:colcon.colcon_core.shell:Creating environment hook '/root/ros2_ws/install/drone_interfaces/share/drone_interfaces/hook/cmake_prefix_path.ps1'
[1.134s] INFO:colcon.colcon_core.shell:Creating environment descriptor '/root/ros2_ws/install/drone_interfaces/share/drone_interfaces/hook/cmake_prefix_path.dsv'
[1.137s] INFO:colcon.colcon_core.shell:Creating environment hook '/root/ros2_ws/install/drone_interfaces/share/drone_interfaces/hook/cmake_prefix_path.sh'
[1.138s] Level 1:colcon.colcon_core.environment:checking '/root/ros2_ws/install/drone_interfaces/lib'
[1.138s] Level 1:colcon.colcon_core.shell:create_environment_hook('drone_interfaces', 'ld_library_path_lib')
[1.138s] INFO:colcon.colcon_core.shell:Creating environment hook '/root/ros2_ws/install/drone_interfaces/share/drone_interfaces/hook/ld_library_path_lib.ps1'
[1.139s] INFO:colcon.colcon_core.shell:Creating environment descriptor '/root/ros2_ws/install/drone_interfaces/share/drone_interfaces/hook/ld_library_path_lib.dsv'
[1.140s] INFO:colcon.colcon_core.shell:Creating environment hook '/root/ros2_ws/install/drone_interfaces/share/drone_interfaces/hook/ld_library_path_lib.sh'
[1.141s] Level 1:colcon.colcon_core.environment:checking '/root/ros2_ws/install/drone_interfaces/bin'
[1.141s] Level 1:colcon.colcon_core.environment:checking '/root/ros2_ws/install/drone_interfaces/lib/pkgconfig/drone_interfaces.pc'
[1.142s] Level 1:colcon.colcon_core.environment:checking '/root/ros2_ws/install/drone_interfaces/lib/python3.12/site-packages'
[1.142s] Level 1:colcon.colcon_core.shell:create_environment_hook('drone_interfaces', 'pythonpath')
[1.143s] INFO:colcon.colcon_core.shell:Creating environment hook '/root/ros2_ws/install/drone_interfaces/share/drone_interfaces/hook/pythonpath.ps1'
[1.143s] INFO:colcon.colcon_core.shell:Creating environment descriptor '/root/ros2_ws/install/drone_interfaces/share/drone_interfaces/hook/pythonpath.dsv'
[1.144s] INFO:colcon.colcon_core.shell:Creating environment hook '/root/ros2_ws/install/drone_interfaces/share/drone_interfaces/hook/pythonpath.sh'
[1.145s] Level 1:colcon.colcon_core.environment:checking '/root/ros2_ws/install/drone_interfaces/bin'
[1.145s] INFO:colcon.colcon_core.shell:Creating package script '/root/ros2_ws/install/drone_interfaces/share/drone_interfaces/package.ps1'
[1.147s] INFO:colcon.colcon_core.shell:Creating package descriptor '/root/ros2_ws/install/drone_interfaces/share/drone_interfaces/package.dsv'
[1.148s] INFO:colcon.colcon_core.shell:Creating package script '/root/ros2_ws/install/drone_interfaces/share/drone_interfaces/package.sh'
[1.148s] INFO:colcon.colcon_core.shell:Creating package script '/root/ros2_ws/install/drone_interfaces/share/drone_interfaces/package.bash'
[1.149s] INFO:colcon.colcon_core.shell:Creating package script '/root/ros2_ws/install/drone_interfaces/share/drone_interfaces/package.zsh'
[1.150s] Level 1:colcon.colcon_core.environment:create_file_with_runtime_dependencies(/root/ros2_ws/install/drone_interfaces/share/colcon-core/packages/drone_interfaces)
[1.231s] Level 1:colcon.colcon_core.environment:create_environment_scripts_only(drone_interfaces)
[1.231s] Level 1:colcon.colcon_core.environment:checking '/root/ros2_ws/install/drone_interfaces' for CMake module files
[1.232s] Level 1:colcon.colcon_core.environment:checking '/root/ros2_ws/install/drone_interfaces' for CMake config files
[1.233s] Level 1:colcon.colcon_core.shell:create_environment_hook('drone_interfaces', 'cmake_prefix_path')
[1.233s] INFO:colcon.colcon_core.shell:Creating environment hook '/root/ros2_ws/install/drone_interfaces/share/drone_interfaces/hook/cmake_prefix_path.ps1'
[1.234s] INFO:colcon.colcon_core.shell:Creating environment descriptor '/root/ros2_ws/install/drone_interfaces/share/drone_interfaces/hook/cmake_prefix_path.dsv'
[1.235s] INFO:colcon.colcon_core.shell:Creating environment hook '/root/ros2_ws/install/drone_interfaces/share/drone_interfaces/hook/cmake_prefix_path.sh'
[1.237s] Level 1:colcon.colcon_core.environment:checking '/root/ros2_ws/install/drone_interfaces/lib'
[1.237s] Level 1:colcon.colcon_core.shell:create_environment_hook('drone_interfaces', 'ld_library_path_lib')
[1.238s] INFO:colcon.colcon_core.shell:Creating environment hook '/root/ros2_ws/install/drone_interfaces/share/drone_interfaces/hook/ld_library_path_lib.ps1'
[1.238s] INFO:colcon.colcon_core.shell:Creating environment descriptor '/root/ros2_ws/install/drone_interfaces/share/drone_interfaces/hook/ld_library_path_lib.dsv'
[1.239s] INFO:colcon.colcon_core.shell:Creating environment hook '/root/ros2_ws/install/drone_interfaces/share/drone_interfaces/hook/ld_library_path_lib.sh'
[1.242s] Level 1:colcon.colcon_core.environment:checking '/root/ros2_ws/install/drone_interfaces/bin'
[1.242s] Level 1:colcon.colcon_core.environment:checking '/root/ros2_ws/install/drone_interfaces/lib/pkgconfig/drone_interfaces.pc'
[1.242s] Level 1:colcon.colcon_core.environment:checking '/root/ros2_ws/install/drone_interfaces/lib/python3.12/site-packages'
[1.242s] Level 1:colcon.colcon_core.shell:create_environment_hook('drone_interfaces', 'pythonpath')
[1.243s] INFO:colcon.colcon_core.shell:Creating environment hook '/root/ros2_ws/install/drone_interfaces/share/drone_interfaces/hook/pythonpath.ps1'
[1.243s] INFO:colcon.colcon_core.shell:Creating environment descriptor '/root/ros2_ws/install/drone_interfaces/share/drone_interfaces/hook/pythonpath.dsv'
[1.244s] INFO:colcon.colcon_core.shell:Creating environment hook '/root/ros2_ws/install/drone_interfaces/share/drone_interfaces/hook/pythonpath.sh'
[1.245s] Level 1:colcon.colcon_core.environment:checking '/root/ros2_ws/install/drone_interfaces/bin'
[1.246s] INFO:colcon.colcon_core.shell:Creating package script '/root/ros2_ws/install/drone_interfaces/share/drone_interfaces/package.ps1'
[1.246s] INFO:colcon.colcon_core.shell:Creating package descriptor '/root/ros2_ws/install/drone_interfaces/share/drone_interfaces/package.dsv'
[1.247s] INFO:colcon.colcon_core.shell:Creating package script '/root/ros2_ws/install/drone_interfaces/share/drone_interfaces/package.sh'
[1.248s] INFO:colcon.colcon_core.shell:Creating package script '/root/ros2_ws/install/drone_interfaces/share/drone_interfaces/package.bash'
[1.249s] INFO:colcon.colcon_core.shell:Creating package script '/root/ros2_ws/install/drone_interfaces/share/drone_interfaces/package.zsh'
[1.250s] Level 1:colcon.colcon_core.environment:create_file_with_runtime_dependencies(/root/ros2_ws/install/drone_interfaces/share/colcon-core/packages/drone_interfaces)
[1.251s] INFO:colcon.colcon_ros.task.ament_python.build:Building ROS package in '/root/ros2_ws/src/drone_controlling' with build type 'ament_python'
[1.251s] Level 1:colcon.colcon_core.shell:create_environment_hook('drone_controlling', 'ament_prefix_path')
[1.251s] INFO:colcon.colcon_core.shell:Creating environment hook '/root/ros2_ws/install/drone_controlling/share/drone_controlling/hook/ament_prefix_path.ps1'
[1.252s] INFO:colcon.colcon_core.shell:Creating environment descriptor '/root/ros2_ws/install/drone_controlling/share/drone_controlling/hook/ament_prefix_path.dsv'
[1.255s] INFO:colcon.colcon_core.shell:Creating environment hook '/root/ros2_ws/install/drone_controlling/share/drone_controlling/hook/ament_prefix_path.sh'
[1.257s] INFO:colcon.colcon_core.shell:Skip shell extension 'powershell' for command environment: Not usable outside of PowerShell
[1.257s] DEBUG:colcon.colcon_core.shell:Skip shell extension 'dsv' for command environment
[1.615s] INFO:colcon.colcon_core.task.python.build:Building Python package in '/root/ros2_ws/src/drone_controlling'
[1.616s] INFO:colcon.colcon_core.shell:Skip shell extension 'powershell' for command environment: Not usable outside of PowerShell
[1.617s] DEBUG:colcon.colcon_core.shell:Skip shell extension 'dsv' for command environment
[2.334s] DEBUG:colcon.colcon_core.event_handler.log_command:Invoking command in '/root/ros2_ws/src/drone_controlling': PYTHONPATH=/root/ros2_ws/build/drone_controlling/prefix_override:/usr/lib/python3/dist-packages/colcon_core/task/python/colcon_distutils_commands:/root/ros2_ws/install/drone_controlling/lib/python3.12/site-packages:/root/ros2_ws/install/drone_interfaces/lib/python3.12/site-packages:/root/ros2_ws/install/drone_controlling/lib/python3.12/site-packages:/opt/ros/jazzy/lib/python3.12/site-packages /usr/bin/python3 -W ignore:setup.py install is deprecated setup.py egg_info --egg-base ../../build/drone_controlling build --build-base /root/ros2_ws/build/drone_controlling/build install --record /root/ros2_ws/build/drone_controlling/install.log --single-version-externally-managed install_data
[2.995s] Level 1:colcon.colcon_core.environment:checking '/root/ros2_ws/install/drone_controlling' for CMake module files
[2.995s] Level 1:colcon.colcon_core.environment:checking '/root/ros2_ws/install/drone_controlling' for CMake config files
[2.996s] Level 1:colcon.colcon_core.environment:checking '/root/ros2_ws/install/drone_controlling/lib'
[2.996s] Level 1:colcon.colcon_core.environment:checking '/root/ros2_ws/install/drone_controlling/bin'
[2.996s] Level 1:colcon.colcon_core.environment:checking '/root/ros2_ws/install/drone_controlling/lib/pkgconfig/drone_controlling.pc'
[2.997s] Level 1:colcon.colcon_core.environment:checking '/root/ros2_ws/install/drone_controlling/lib/python3.12/site-packages'
[2.997s] Level 1:colcon.colcon_core.shell:create_environment_hook('drone_controlling', 'pythonpath')
[2.997s] INFO:colcon.colcon_core.shell:Creating environment hook '/root/ros2_ws/install/drone_controlling/share/drone_controlling/hook/pythonpath.ps1'
[2.998s] DEBUG:colcon.colcon_core.event_handler.log_command:Invoked command in '/root/ros2_ws/src/drone_controlling' returned '0': PYTHONPATH=/root/ros2_ws/build/drone_controlling/prefix_override:/usr/lib/python3/dist-packages/colcon_core/task/python/colcon_distutils_commands:/root/ros2_ws/install/drone_controlling/lib/python3.12/site-packages:/root/ros2_ws/install/drone_interfaces/lib/python3.12/site-packages:/root/ros2_ws/install/drone_controlling/lib/python3.12/site-packages:/opt/ros/jazzy/lib/python3.12/site-packages /usr/bin/python3 -W ignore:setup.py install is deprecated setup.py egg_info --egg-base ../../build/drone_controlling build --build-base /root/ros2_ws/build/drone_controlling/build install --record /root/ros2_ws/build/drone_controlling/install.log --single-version-externally-managed install_data
[2.999s] INFO:colcon.colcon_core.shell:Creating environment descriptor '/root/ros2_ws/install/drone_controlling/share/drone_controlling/hook/pythonpath.dsv'
[3.000s] INFO:colcon.colcon_core.shell:Creating environment hook '/root/ros2_ws/install/drone_controlling/share/drone_controlling/hook/pythonpath.sh'
[3.001s] Level 1:colcon.colcon_core.environment:checking '/root/ros2_ws/install/drone_controlling/bin'
[3.001s] Level 1:colcon.colcon_core.environment:create_environment_scripts_only(drone_controlling)
[3.001s] INFO:colcon.colcon_core.shell:Creating package script '/root/ros2_ws/install/drone_controlling/share/drone_controlling/package.ps1'
[3.002s] INFO:colcon.colcon_core.shell:Creating package descriptor '/root/ros2_ws/install/drone_controlling/share/drone_controlling/package.dsv'
[3.002s] INFO:colcon.colcon_core.shell:Creating package script '/root/ros2_ws/install/drone_controlling/share/drone_controlling/package.sh'
[3.003s] INFO:colcon.colcon_core.shell:Creating package script '/root/ros2_ws/install/drone_controlling/share/drone_controlling/package.bash'
[3.004s] INFO:colcon.colcon_core.shell:Creating package script '/root/ros2_ws/install/drone_controlling/share/drone_controlling/package.zsh'
[3.004s] Level 1:colcon.colcon_core.environment:create_file_with_runtime_dependencies(/root/ros2_ws/install/drone_controlling/share/colcon-core/packages/drone_controlling)
[3.005s] DEBUG:colcon.colcon_parallel_executor.executor.parallel:closing loop
[3.005s] DEBUG:colcon.colcon_parallel_executor.executor.parallel:loop closed
[3.005s] DEBUG:colcon.colcon_parallel_executor.executor.parallel:run_until_complete finished with '0'
[3.005s] DEBUG:colcon.colcon_core.event_reactor:joining thread
[3.013s] INFO:colcon.colcon_core.plugin_system:Skipping extension 'colcon_notification.desktop_notification.notify_send': Could not find 'notify-send'
[3.013s] INFO:colcon.colcon_core.plugin_system:Skipping extension 'colcon_notification.desktop_notification.terminal_notifier': Not used on non-Darwin systems
[3.013s] INFO:colcon.colcon_core.plugin_system:Skipping extension 'colcon_notification.desktop_notification.win32': Not used on non-Windows systems
[3.013s] INFO:colcon.colcon_notification.desktop_notification:Sending desktop notification using 'notify2'
[3.014s] DEBUG:colcon.colcon_notification.desktop_notification.notify2:Failed to initialize notify2: org.freedesktop.DBus.Error.InvalidFileContent: D-Bus library appears to be incorrectly set up: see the manual page for dbus-uuidgen to correct this issue. (Failed to open "/var/lib/dbus/machine-id": No such file or directory; UUID file '/etc/machine-id' should contain a hex string of length 32, not length 0, with no other text)
[3.014s] DEBUG:colcon.colcon_core.event_reactor:joined thread
[3.014s] INFO:colcon.colcon_core.shell:Creating prefix script '/root/ros2_ws/install/local_setup.ps1'
[3.015s] INFO:colcon.colcon_core.shell:Creating prefix util module '/root/ros2_ws/install/_local_setup_util_ps1.py'
[3.017s] INFO:colcon.colcon_core.shell:Creating prefix chain script '/root/ros2_ws/install/setup.ps1'
[3.021s] INFO:colcon.colcon_core.shell:Creating prefix script '/root/ros2_ws/install/local_setup.sh'
[3.025s] INFO:colcon.colcon_core.shell:Creating prefix util module '/root/ros2_ws/install/_local_setup_util_sh.py'
[3.027s] INFO:colcon.colcon_core.shell:Creating prefix chain script '/root/ros2_ws/install/setup.sh'
[3.029s] INFO:colcon.colcon_core.shell:Creating prefix script '/root/ros2_ws/install/local_setup.bash'
[3.030s] INFO:colcon.colcon_core.shell:Creating prefix chain script '/root/ros2_ws/install/setup.bash'
[3.032s] INFO:colcon.colcon_core.shell:Creating prefix script '/root/ros2_ws/install/local_setup.zsh'
[3.033s] INFO:colcon.colcon_core.shell:Creating prefix chain script '/root/ros2_ws/install/setup.zsh'
