[  2%] Built target drone_interfaces__rosidl_generator_type_description
[  2%] Built target ament_cmake_python_copy_drone_interfaces
[  4%] Built target drone_interfaces__cpp
[ 22%] Built target drone_interfaces__rosidl_generator_c
[ 31%] Built target drone_interfaces__rosidl_typesupport_introspection_c
[ 40%] Built target drone_interfaces__rosidl_typesupport_introspection_cpp
[ 50%] Built target drone_interfaces__rosidl_typesupport_fastrtps_c
[ 59%] Built target drone_interfaces__rosidl_typesupport_fastrtps_cpp
[ 68%] Built target drone_interfaces__rosidl_typesupport_cpp
[ 77%] Built target drone_interfaces__rosidl_typesupport_c
[ 77%] Built target drone_interfaces
[ 79%] Built target drone_interfaces__py
[ 86%] Built target drone_interfaces__rosidl_generator_py
[ 90%] Built target drone_interfaces_s__rosidl_typesupport_fastrtps_c
[ 95%] Built target drone_interfaces_s__rosidl_typesupport_introspection_c
[100%] Built target drone_interfaces_s__rosidl_typesupport_c
running egg_info
writing drone_interfaces.egg-info/PKG-INFO
writing dependency_links to drone_interfaces.egg-info/dependency_links.txt
writing top-level names to drone_interfaces.egg-info/top_level.txt
reading manifest file 'drone_interfaces.egg-info/SOURCES.txt'
writing manifest file 'drone_interfaces.egg-info/SOURCES.txt'
[100%] Built target ament_cmake_python_build_drone_interfaces_egg
-- Install configuration: ""
-- Up-to-date: /root/ros2_ws/install/drone_interfaces/share/ament_index/resource_index/rosidl_interfaces/drone_interfaces
-- Up-to-date: /root/ros2_ws/install/drone_interfaces/share/drone_interfaces/msg/VelocityNed.json
-- Up-to-date: /root/ros2_ws/install/drone_interfaces/share/drone_interfaces/msg/TelemetryData.json
-- Up-to-date: /root/ros2_ws/install/drone_interfaces/include/drone_interfaces/drone_interfaces
-- Up-to-date: /root/ros2_ws/install/drone_interfaces/include/drone_interfaces/drone_interfaces/msg
-- Up-to-date: /root/ros2_ws/install/drone_interfaces/include/drone_interfaces/drone_interfaces/msg/detail
-- Up-to-date: /root/ros2_ws/install/drone_interfaces/include/drone_interfaces/drone_interfaces/msg/detail/velocity_ned__type_support.h
-- Up-to-date: /root/ros2_ws/install/drone_interfaces/include/drone_interfaces/drone_interfaces/msg/detail/telemetry_data__struct.h
-- Up-to-date: /root/ros2_ws/install/drone_interfaces/include/drone_interfaces/drone_interfaces/msg/detail/telemetry_data__functions.h
-- Up-to-date: /root/ros2_ws/install/drone_interfaces/include/drone_interfaces/drone_interfaces/msg/detail/velocity_ned__description.c
-- Up-to-date: /root/ros2_ws/install/drone_interfaces/include/drone_interfaces/drone_interfaces/msg/detail/velocity_ned__struct.h
-- Up-to-date: /root/ros2_ws/install/drone_interfaces/include/drone_interfaces/drone_interfaces/msg/detail/velocity_ned__functions.c
-- Up-to-date: /root/ros2_ws/install/drone_interfaces/include/drone_interfaces/drone_interfaces/msg/detail/telemetry_data__type_support.c
-- Up-to-date: /root/ros2_ws/install/drone_interfaces/include/drone_interfaces/drone_interfaces/msg/detail/velocity_ned__type_support.c
-- Up-to-date: /root/ros2_ws/install/drone_interfaces/include/drone_interfaces/drone_interfaces/msg/detail/velocity_ned__functions.h
-- Up-to-date: /root/ros2_ws/install/drone_interfaces/include/drone_interfaces/drone_interfaces/msg/detail/telemetry_data__type_support.h
-- Up-to-date: /root/ros2_ws/install/drone_interfaces/include/drone_interfaces/drone_interfaces/msg/detail/telemetry_data__functions.c
-- Up-to-date: /root/ros2_ws/install/drone_interfaces/include/drone_interfaces/drone_interfaces/msg/detail/telemetry_data__description.c
-- Up-to-date: /root/ros2_ws/install/drone_interfaces/include/drone_interfaces/drone_interfaces/msg/velocity_ned.h
-- Up-to-date: /root/ros2_ws/install/drone_interfaces/include/drone_interfaces/drone_interfaces/msg/telemetry_data.h
-- Up-to-date: /root/ros2_ws/install/drone_interfaces/include/drone_interfaces/drone_interfaces/msg/rosidl_generator_c__visibility_control.h
-- Up-to-date: /root/ros2_ws/install/drone_interfaces/share/drone_interfaces/environment/library_path.sh
-- Up-to-date: /root/ros2_ws/install/drone_interfaces/share/drone_interfaces/environment/library_path.dsv
-- Up-to-date: /root/ros2_ws/install/drone_interfaces/lib/libdrone_interfaces__rosidl_generator_c.so
-- Up-to-date: /root/ros2_ws/install/drone_interfaces/include/drone_interfaces/drone_interfaces
-- Up-to-date: /root/ros2_ws/install/drone_interfaces/include/drone_interfaces/drone_interfaces/msg
-- Up-to-date: /root/ros2_ws/install/drone_interfaces/include/drone_interfaces/drone_interfaces/msg/detail
-- Up-to-date: /root/ros2_ws/install/drone_interfaces/include/drone_interfaces/drone_interfaces/msg/detail/telemetry_data__rosidl_typesupport_fastrtps_c.h
-- Up-to-date: /root/ros2_ws/install/drone_interfaces/include/drone_interfaces/drone_interfaces/msg/detail/velocity_ned__rosidl_typesupport_fastrtps_c.h
-- Up-to-date: /root/ros2_ws/install/drone_interfaces/include/drone_interfaces/drone_interfaces/msg/rosidl_typesupport_fastrtps_c__visibility_control.h
-- Up-to-date: /root/ros2_ws/install/drone_interfaces/lib/libdrone_interfaces__rosidl_typesupport_fastrtps_c.so
-- Up-to-date: /root/ros2_ws/install/drone_interfaces/include/drone_interfaces/drone_interfaces
-- Up-to-date: /root/ros2_ws/install/drone_interfaces/include/drone_interfaces/drone_interfaces/msg
-- Up-to-date: /root/ros2_ws/install/drone_interfaces/include/drone_interfaces/drone_interfaces/msg/detail
-- Up-to-date: /root/ros2_ws/install/drone_interfaces/include/drone_interfaces/drone_interfaces/msg/detail/velocity_ned__rosidl_typesupport_introspection_c.h
-- Up-to-date: /root/ros2_ws/install/drone_interfaces/include/drone_interfaces/drone_interfaces/msg/detail/telemetry_data__type_support.c
-- Up-to-date: /root/ros2_ws/install/drone_interfaces/include/drone_interfaces/drone_interfaces/msg/detail/velocity_ned__type_support.c
-- Up-to-date: /root/ros2_ws/install/drone_interfaces/include/drone_interfaces/drone_interfaces/msg/detail/telemetry_data__rosidl_typesupport_introspection_c.h
-- Up-to-date: /root/ros2_ws/install/drone_interfaces/include/drone_interfaces/drone_interfaces/msg/rosidl_typesupport_introspection_c__visibility_control.h
-- Up-to-date: /root/ros2_ws/install/drone_interfaces/lib/libdrone_interfaces__rosidl_typesupport_introspection_c.so
-- Up-to-date: /root/ros2_ws/install/drone_interfaces/lib/libdrone_interfaces__rosidl_typesupport_c.so
-- Up-to-date: /root/ros2_ws/install/drone_interfaces/include/drone_interfaces/drone_interfaces
-- Up-to-date: /root/ros2_ws/install/drone_interfaces/include/drone_interfaces/drone_interfaces/msg
-- Up-to-date: /root/ros2_ws/install/drone_interfaces/include/drone_interfaces/drone_interfaces/msg/telemetry_data.hpp
-- Up-to-date: /root/ros2_ws/install/drone_interfaces/include/drone_interfaces/drone_interfaces/msg/rosidl_generator_cpp__visibility_control.hpp
-- Up-to-date: /root/ros2_ws/install/drone_interfaces/include/drone_interfaces/drone_interfaces/msg/detail
-- Up-to-date: /root/ros2_ws/install/drone_interfaces/include/drone_interfaces/drone_interfaces/msg/detail/telemetry_data__traits.hpp
-- Up-to-date: /root/ros2_ws/install/drone_interfaces/include/drone_interfaces/drone_interfaces/msg/detail/telemetry_data__struct.hpp
-- Up-to-date: /root/ros2_ws/install/drone_interfaces/include/drone_interfaces/drone_interfaces/msg/detail/telemetry_data__type_support.hpp
-- Up-to-date: /root/ros2_ws/install/drone_interfaces/include/drone_interfaces/drone_interfaces/msg/detail/velocity_ned__traits.hpp
-- Up-to-date: /root/ros2_ws/install/drone_interfaces/include/drone_interfaces/drone_interfaces/msg/detail/velocity_ned__builder.hpp
-- Up-to-date: /root/ros2_ws/install/drone_interfaces/include/drone_interfaces/drone_interfaces/msg/detail/telemetry_data__builder.hpp
-- Up-to-date: /root/ros2_ws/install/drone_interfaces/include/drone_interfaces/drone_interfaces/msg/detail/velocity_ned__struct.hpp
-- Up-to-date: /root/ros2_ws/install/drone_interfaces/include/drone_interfaces/drone_interfaces/msg/detail/velocity_ned__type_support.hpp
-- Up-to-date: /root/ros2_ws/install/drone_interfaces/include/drone_interfaces/drone_interfaces/msg/velocity_ned.hpp
-- Up-to-date: /root/ros2_ws/install/drone_interfaces/include/drone_interfaces/drone_interfaces
-- Up-to-date: /root/ros2_ws/install/drone_interfaces/include/drone_interfaces/drone_interfaces/msg
-- Up-to-date: /root/ros2_ws/install/drone_interfaces/include/drone_interfaces/drone_interfaces/msg/detail
-- Up-to-date: /root/ros2_ws/install/drone_interfaces/include/drone_interfaces/drone_interfaces/msg/detail/velocity_ned__rosidl_typesupport_fastrtps_cpp.hpp
-- Up-to-date: /root/ros2_ws/install/drone_interfaces/include/drone_interfaces/drone_interfaces/msg/detail/telemetry_data__rosidl_typesupport_fastrtps_cpp.hpp
-- Up-to-date: /root/ros2_ws/install/drone_interfaces/include/drone_interfaces/drone_interfaces/msg/detail/dds_fastrtps
-- Up-to-date: /root/ros2_ws/install/drone_interfaces/include/drone_interfaces/drone_interfaces/msg/rosidl_typesupport_fastrtps_cpp__visibility_control.h
-- Up-to-date: /root/ros2_ws/install/drone_interfaces/lib/libdrone_interfaces__rosidl_typesupport_fastrtps_cpp.so
-- Up-to-date: /root/ros2_ws/install/drone_interfaces/include/drone_interfaces/drone_interfaces
-- Up-to-date: /root/ros2_ws/install/drone_interfaces/include/drone_interfaces/drone_interfaces/msg
-- Up-to-date: /root/ros2_ws/install/drone_interfaces/include/drone_interfaces/drone_interfaces/msg/detail
-- Up-to-date: /root/ros2_ws/install/drone_interfaces/include/drone_interfaces/drone_interfaces/msg/detail/velocity_ned__rosidl_typesupport_introspection_cpp.hpp
-- Up-to-date: /root/ros2_ws/install/drone_interfaces/include/drone_interfaces/drone_interfaces/msg/detail/velocity_ned__type_support.cpp
-- Up-to-date: /root/ros2_ws/install/drone_interfaces/include/drone_interfaces/drone_interfaces/msg/detail/telemetry_data__rosidl_typesupport_introspection_cpp.hpp
-- Up-to-date: /root/ros2_ws/install/drone_interfaces/include/drone_interfaces/drone_interfaces/msg/detail/telemetry_data__type_support.cpp
-- Up-to-date: /root/ros2_ws/install/drone_interfaces/lib/libdrone_interfaces__rosidl_typesupport_introspection_cpp.so
-- Up-to-date: /root/ros2_ws/install/drone_interfaces/lib/libdrone_interfaces__rosidl_typesupport_cpp.so
-- Up-to-date: /root/ros2_ws/install/drone_interfaces/share/drone_interfaces/environment/pythonpath.sh
-- Up-to-date: /root/ros2_ws/install/drone_interfaces/share/drone_interfaces/environment/pythonpath.dsv
-- Up-to-date: /root/ros2_ws/install/drone_interfaces/lib/python3.12/site-packages/drone_interfaces-0.0.0-py3.12.egg-info
-- Installing: /root/ros2_ws/install/drone_interfaces/lib/python3.12/site-packages/drone_interfaces-0.0.0-py3.12.egg-info/PKG-INFO
-- Installing: /root/ros2_ws/install/drone_interfaces/lib/python3.12/site-packages/drone_interfaces-0.0.0-py3.12.egg-info/dependency_links.txt
-- Installing: /root/ros2_ws/install/drone_interfaces/lib/python3.12/site-packages/drone_interfaces-0.0.0-py3.12.egg-info/top_level.txt
-- Installing: /root/ros2_ws/install/drone_interfaces/lib/python3.12/site-packages/drone_interfaces-0.0.0-py3.12.egg-info/SOURCES.txt
-- Up-to-date: /root/ros2_ws/install/drone_interfaces/lib/python3.12/site-packages/drone_interfaces
-- Up-to-date: /root/ros2_ws/install/drone_interfaces/lib/python3.12/site-packages/drone_interfaces/_drone_interfaces_s.ep.rosidl_typesupport_introspection_c.c
-- Up-to-date: /root/ros2_ws/install/drone_interfaces/lib/python3.12/site-packages/drone_interfaces/drone_interfaces_s__rosidl_typesupport_introspection_c.so
-- Up-to-date: /root/ros2_ws/install/drone_interfaces/lib/python3.12/site-packages/drone_interfaces/_drone_interfaces_s.ep.rosidl_typesupport_c.c
-- Up-to-date: /root/ros2_ws/install/drone_interfaces/lib/python3.12/site-packages/drone_interfaces/drone_interfaces_s__rosidl_typesupport_c.so
-- Up-to-date: /root/ros2_ws/install/drone_interfaces/lib/python3.12/site-packages/drone_interfaces/__init__.py
-- Up-to-date: /root/ros2_ws/install/drone_interfaces/lib/python3.12/site-packages/drone_interfaces/msg
-- Up-to-date: /root/ros2_ws/install/drone_interfaces/lib/python3.12/site-packages/drone_interfaces/msg/_telemetry_data_s.c
-- Up-to-date: /root/ros2_ws/install/drone_interfaces/lib/python3.12/site-packages/drone_interfaces/msg/_telemetry_data.py
-- Up-to-date: /root/ros2_ws/install/drone_interfaces/lib/python3.12/site-packages/drone_interfaces/msg/_velocity_ned.py
-- Up-to-date: /root/ros2_ws/install/drone_interfaces/lib/python3.12/site-packages/drone_interfaces/msg/__init__.py
-- Up-to-date: /root/ros2_ws/install/drone_interfaces/lib/python3.12/site-packages/drone_interfaces/msg/_velocity_ned_s.c
-- Up-to-date: /root/ros2_ws/install/drone_interfaces/lib/python3.12/site-packages/drone_interfaces/drone_interfaces_s__rosidl_typesupport_fastrtps_c.so
-- Up-to-date: /root/ros2_ws/install/drone_interfaces/lib/python3.12/site-packages/drone_interfaces/_drone_interfaces_s.ep.rosidl_typesupport_fastrtps_c.c
Listing '/root/ros2_ws/install/drone_interfaces/lib/python3.12/site-packages/drone_interfaces'...
Listing '/root/ros2_ws/install/drone_interfaces/lib/python3.12/site-packages/drone_interfaces/msg'...
-- Up-to-date: /root/ros2_ws/install/drone_interfaces/lib/python3.12/site-packages/drone_interfaces/drone_interfaces_s__rosidl_typesupport_fastrtps_c.so
-- Up-to-date: /root/ros2_ws/install/drone_interfaces/lib/python3.12/site-packages/drone_interfaces/drone_interfaces_s__rosidl_typesupport_introspection_c.so
-- Up-to-date: /root/ros2_ws/install/drone_interfaces/lib/python3.12/site-packages/drone_interfaces/drone_interfaces_s__rosidl_typesupport_c.so
-- Up-to-date: /root/ros2_ws/install/drone_interfaces/lib/libdrone_interfaces__rosidl_generator_py.so
-- Up-to-date: /root/ros2_ws/install/drone_interfaces/share/drone_interfaces/msg/VelocityNed.idl
-- Up-to-date: /root/ros2_ws/install/drone_interfaces/share/drone_interfaces/msg/TelemetryData.idl
-- Up-to-date: /root/ros2_ws/install/drone_interfaces/share/drone_interfaces/msg/VelocityNed.msg
-- Up-to-date: /root/ros2_ws/install/drone_interfaces/share/drone_interfaces/msg/TelemetryData.msg
-- Up-to-date: /root/ros2_ws/install/drone_interfaces/share/ament_index/resource_index/package_run_dependencies/drone_interfaces
-- Up-to-date: /root/ros2_ws/install/drone_interfaces/share/ament_index/resource_index/parent_prefix_path/drone_interfaces
-- Up-to-date: /root/ros2_ws/install/drone_interfaces/share/drone_interfaces/environment/ament_prefix_path.sh
-- Up-to-date: /root/ros2_ws/install/drone_interfaces/share/drone_interfaces/environment/ament_prefix_path.dsv
-- Up-to-date: /root/ros2_ws/install/drone_interfaces/share/drone_interfaces/environment/path.sh
-- Up-to-date: /root/ros2_ws/install/drone_interfaces/share/drone_interfaces/environment/path.dsv
-- Up-to-date: /root/ros2_ws/install/drone_interfaces/share/drone_interfaces/local_setup.bash
-- Up-to-date: /root/ros2_ws/install/drone_interfaces/share/drone_interfaces/local_setup.sh
-- Up-to-date: /root/ros2_ws/install/drone_interfaces/share/drone_interfaces/local_setup.zsh
-- Up-to-date: /root/ros2_ws/install/drone_interfaces/share/drone_interfaces/local_setup.dsv
-- Installing: /root/ros2_ws/install/drone_interfaces/share/drone_interfaces/package.dsv
-- Up-to-date: /root/ros2_ws/install/drone_interfaces/share/ament_index/resource_index/packages/drone_interfaces
-- Up-to-date: /root/ros2_ws/install/drone_interfaces/share/drone_interfaces/cmake/export_drone_interfaces__rosidl_generator_cExport.cmake
-- Up-to-date: /root/ros2_ws/install/drone_interfaces/share/drone_interfaces/cmake/export_drone_interfaces__rosidl_generator_cExport-noconfig.cmake
-- Up-to-date: /root/ros2_ws/install/drone_interfaces/share/drone_interfaces/cmake/export_drone_interfaces__rosidl_typesupport_fastrtps_cExport.cmake
-- Up-to-date: /root/ros2_ws/install/drone_interfaces/share/drone_interfaces/cmake/export_drone_interfaces__rosidl_typesupport_fastrtps_cExport-noconfig.cmake
-- Up-to-date: /root/ros2_ws/install/drone_interfaces/share/drone_interfaces/cmake/drone_interfaces__rosidl_typesupport_introspection_cExport.cmake
-- Up-to-date: /root/ros2_ws/install/drone_interfaces/share/drone_interfaces/cmake/drone_interfaces__rosidl_typesupport_introspection_cExport-noconfig.cmake
-- Up-to-date: /root/ros2_ws/install/drone_interfaces/share/drone_interfaces/cmake/drone_interfaces__rosidl_typesupport_cExport.cmake
-- Up-to-date: /root/ros2_ws/install/drone_interfaces/share/drone_interfaces/cmake/drone_interfaces__rosidl_typesupport_cExport-noconfig.cmake
-- Up-to-date: /root/ros2_ws/install/drone_interfaces/share/drone_interfaces/cmake/export_drone_interfaces__rosidl_generator_cppExport.cmake
-- Up-to-date: /root/ros2_ws/install/drone_interfaces/share/drone_interfaces/cmake/export_drone_interfaces__rosidl_typesupport_fastrtps_cppExport.cmake
-- Up-to-date: /root/ros2_ws/install/drone_interfaces/share/drone_interfaces/cmake/export_drone_interfaces__rosidl_typesupport_fastrtps_cppExport-noconfig.cmake
-- Up-to-date: /root/ros2_ws/install/drone_interfaces/share/drone_interfaces/cmake/drone_interfaces__rosidl_typesupport_introspection_cppExport.cmake
-- Up-to-date: /root/ros2_ws/install/drone_interfaces/share/drone_interfaces/cmake/drone_interfaces__rosidl_typesupport_introspection_cppExport-noconfig.cmake
-- Up-to-date: /root/ros2_ws/install/drone_interfaces/share/drone_interfaces/cmake/drone_interfaces__rosidl_typesupport_cppExport.cmake
-- Up-to-date: /root/ros2_ws/install/drone_interfaces/share/drone_interfaces/cmake/drone_interfaces__rosidl_typesupport_cppExport-noconfig.cmake
-- Up-to-date: /root/ros2_ws/install/drone_interfaces/share/drone_interfaces/cmake/export_drone_interfaces__rosidl_generator_pyExport.cmake
-- Up-to-date: /root/ros2_ws/install/drone_interfaces/share/drone_interfaces/cmake/export_drone_interfaces__rosidl_generator_pyExport-noconfig.cmake
-- Up-to-date: /root/ros2_ws/install/drone_interfaces/share/drone_interfaces/cmake/rosidl_cmake-extras.cmake
-- Up-to-date: /root/ros2_ws/install/drone_interfaces/share/drone_interfaces/cmake/ament_cmake_export_include_directories-extras.cmake
-- Up-to-date: /root/ros2_ws/install/drone_interfaces/share/drone_interfaces/cmake/ament_cmake_export_libraries-extras.cmake
-- Up-to-date: /root/ros2_ws/install/drone_interfaces/share/drone_interfaces/cmake/ament_cmake_export_targets-extras.cmake
-- Up-to-date: /root/ros2_ws/install/drone_interfaces/share/drone_interfaces/cmake/rosidl_cmake_export_typesupport_targets-extras.cmake
-- Up-to-date: /root/ros2_ws/install/drone_interfaces/share/drone_interfaces/cmake/ament_cmake_export_dependencies-extras.cmake
-- Up-to-date: /root/ros2_ws/install/drone_interfaces/share/drone_interfaces/cmake/rosidl_cmake_export_typesupport_libraries-extras.cmake
-- Up-to-date: /root/ros2_ws/install/drone_interfaces/share/drone_interfaces/cmake/drone_interfacesConfig.cmake
-- Up-to-date: /root/ros2_ws/install/drone_interfaces/share/drone_interfaces/cmake/drone_interfacesConfig-version.cmake
-- Up-to-date: /root/ros2_ws/install/drone_interfaces/share/drone_interfaces/package.xml
