-- The C compiler identification is GNU 13.2.0
-- The CXX compiler identification is GNU 13.2.0
-- Detecting C compiler ABI info
-- Detecting C compiler ABI info - done
-- Check for working C compiler: /usr/bin/cc - skipped
-- Detecting C compile features
-- Detecting C compile features - done
-- Detecting CXX compiler ABI info
-- Detecting CXX compiler ABI info - done
-- Check for working CXX compiler: /usr/bin/c++ - skipped
-- Detecting CXX compile features
-- Detecting CXX compile features - done
-- Found ament_cmake: 2.5.2 (/opt/ros/jazzy/share/ament_cmake/cmake)
-- Found Python3: /usr/bin/python3 (found version "3.12.3") found components: Interpreter 
-- Found rosidl_default_generators: 1.6.0 (/opt/ros/jazzy/share/rosidl_default_generators/cmake)
-- Using all available rosidl_typesupport_c: rosidl_typesupport_fastrtps_c;rosidl_typesupport_introspection_c
-- Using all available rosidl_typesupport_cpp: rosidl_typesupport_fastrtps_cpp;rosidl_typesupport_introspection_cpp
-- Found rosidl_adapter: 4.6.3 (/opt/ros/jazzy/share/rosidl_adapter/cmake)
-- Found ament_cmake_ros: 0.12.0 (/opt/ros/jazzy/share/ament_cmake_ros/cmake)
-- Using all available rosidl_typesupport_c: rosidl_typesupport_fastrtps_c;rosidl_typesupport_introspection_c
-- Using all available rosidl_typesupport_cpp: rosidl_typesupport_fastrtps_cpp;rosidl_typesupport_introspection_cpp
-- Found python_cmake_module: 0.11.1 (/opt/ros/jazzy/share/python_cmake_module/cmake)
-- Found PythonExtra: /usr/bin/python3  
-- Found Python3: /usr/bin/python3 (found version "3.12.3") found components: Interpreter Development NumPy Development.Module Development.Embed 
-- Found ament_lint_auto: 0.17.1 (/opt/ros/jazzy/share/ament_lint_auto/cmake)
-- Added test 'lint_cmake' to check CMake code style
-- Added test 'xmllint' to check XML markup files
-- Configuring done (5.3s)
-- Generating done (0.0s)
-- Build files have been written to: /root/ros2_ws/build/drone_interfaces
[  2%] [34m[1mGenerating type hashes for ROS interfaces[0m
[  2%] Built target ament_cmake_python_copy_drone_interfaces
running egg_info
creating drone_interfaces.egg-info
writing drone_interfaces.egg-info/PKG-INFO
writing dependency_links to drone_interfaces.egg-info/dependency_links.txt
writing top-level names to drone_interfaces.egg-info/top_level.txt
writing manifest file 'drone_interfaces.egg-info/SOURCES.txt'
reading manifest file 'drone_interfaces.egg-info/SOURCES.txt'
writing manifest file 'drone_interfaces.egg-info/SOURCES.txt'
[  2%] Built target drone_interfaces__rosidl_generator_type_description
[  4%] [34m[1mGenerating C code for ROS interfaces[0m
[  6%] [34m[1mGenerating C++ code for ROS interfaces[0m
[  6%] Built target ament_cmake_python_build_drone_interfaces_egg
[  6%] Built target drone_interfaces__cpp
[ 11%] [32mBuilding C object CMakeFiles/drone_interfaces__rosidl_generator_c.dir/rosidl_generator_c/drone_interfaces/msg/detail/velocity_ned__description.c.o[0m
[ 11%] [32mBuilding C object CMakeFiles/drone_interfaces__rosidl_generator_c.dir/rosidl_generator_c/drone_interfaces/msg/detail/telemetry_data__description.c.o[0m
[ 13%] [32mBuilding C object CMakeFiles/drone_interfaces__rosidl_generator_c.dir/rosidl_generator_c/drone_interfaces/msg/detail/velocity_ned__functions.c.o[0m
[ 15%] [32mBuilding C object CMakeFiles/drone_interfaces__rosidl_generator_c.dir/rosidl_generator_c/drone_interfaces/msg/detail/velocity_ned__type_support.c.o[0m
[ 18%] [32mBuilding C object CMakeFiles/drone_interfaces__rosidl_generator_c.dir/rosidl_generator_c/drone_interfaces/msg/detail/telemetry_data__functions.c.o[0m
[ 20%] [32mBuilding C object CMakeFiles/drone_interfaces__rosidl_generator_c.dir/rosidl_generator_c/drone_interfaces/msg/detail/telemetry_data__type_support.c.o[0m
[ 22%] [32m[1mLinking C shared library libdrone_interfaces__rosidl_generator_c.so[0m
[ 22%] Built target drone_interfaces__rosidl_generator_c
[ 29%] [34m[1mGenerating C introspection for ROS interfaces[0m
[ 29%] [34m[1mGenerating C type support for eProsima Fast-RTPS[0m
[ 29%] [34m[1mGenerating C++ introspection for ROS interfaces[0m
[ 31%] [34m[1mGenerating C++ type support dispatch for ROS interfaces[0m
[ 34%] [32mBuilding CXX object CMakeFiles/drone_interfaces__rosidl_typesupport_cpp.dir/rosidl_typesupport_cpp/drone_interfaces/msg/velocity_ned__type_support.cpp.o[0m
[ 36%] [32mBuilding CXX object CMakeFiles/drone_interfaces__rosidl_typesupport_introspection_cpp.dir/rosidl_typesupport_introspection_cpp/drone_interfaces/msg/detail/velocity_ned__type_support.cpp.o[0m
[ 38%] [32mBuilding C object CMakeFiles/drone_interfaces__rosidl_typesupport_introspection_c.dir/rosidl_typesupport_introspection_c/drone_interfaces/msg/detail/velocity_ned__type_support.c.o[0m
[ 40%] [32mBuilding CXX object CMakeFiles/drone_interfaces__rosidl_typesupport_fastrtps_c.dir/rosidl_typesupport_fastrtps_c/drone_interfaces/msg/detail/velocity_ned__type_support_c.cpp.o[0m
[ 43%] [32mBuilding C object CMakeFiles/drone_interfaces__rosidl_typesupport_introspection_c.dir/rosidl_typesupport_introspection_c/drone_interfaces/msg/detail/telemetry_data__type_support.c.o[0m
[ 45%] [32m[1mLinking C shared library libdrone_interfaces__rosidl_typesupport_introspection_c.so[0m
[ 45%] Built target drone_interfaces__rosidl_typesupport_introspection_c
[ 47%] [32mBuilding CXX object CMakeFiles/drone_interfaces__rosidl_typesupport_fastrtps_c.dir/rosidl_typesupport_fastrtps_c/drone_interfaces/msg/detail/telemetry_data__type_support_c.cpp.o[0m
[ 50%] [32mBuilding CXX object CMakeFiles/drone_interfaces__rosidl_typesupport_cpp.dir/rosidl_typesupport_cpp/drone_interfaces/msg/telemetry_data__type_support.cpp.o[0m
[ 52%] [32mBuilding CXX object CMakeFiles/drone_interfaces__rosidl_typesupport_introspection_cpp.dir/rosidl_typesupport_introspection_cpp/drone_interfaces/msg/detail/telemetry_data__type_support.cpp.o[0m
[ 54%] [34m[1mGenerating C type support dispatch for ROS interfaces[0m
[ 56%] [32m[1mLinking CXX shared library libdrone_interfaces__rosidl_typesupport_fastrtps_c.so[0m
[ 59%] [32m[1mLinking CXX shared library libdrone_interfaces__rosidl_typesupport_cpp.so[0m
[ 59%] Built target drone_interfaces__rosidl_typesupport_fastrtps_c
[ 61%] [34m[1mGenerating C++ type support for eProsima Fast-RTPS[0m
[ 61%] Built target drone_interfaces__rosidl_typesupport_cpp
[ 63%] [32m[1mLinking CXX shared library libdrone_interfaces__rosidl_typesupport_introspection_cpp.so[0m
[ 63%] Built target drone_interfaces__rosidl_typesupport_introspection_cpp
[ 68%] [32mBuilding CXX object CMakeFiles/drone_interfaces__rosidl_typesupport_c.dir/rosidl_typesupport_c/drone_interfaces/msg/velocity_ned__type_support.cpp.o[0m
[ 68%] [32mBuilding CXX object CMakeFiles/drone_interfaces__rosidl_typesupport_c.dir/rosidl_typesupport_c/drone_interfaces/msg/telemetry_data__type_support.cpp.o[0m
[ 70%] [32m[1mLinking CXX shared library libdrone_interfaces__rosidl_typesupport_c.so[0m
[ 70%] Built target drone_interfaces__rosidl_typesupport_c
[ 75%] [32mBuilding CXX object CMakeFiles/drone_interfaces__rosidl_typesupport_fastrtps_cpp.dir/rosidl_typesupport_fastrtps_cpp/drone_interfaces/msg/detail/dds_fastrtps/telemetry_data__type_support.cpp.o[0m
[ 75%] [32mBuilding CXX object CMakeFiles/drone_interfaces__rosidl_typesupport_fastrtps_cpp.dir/rosidl_typesupport_fastrtps_cpp/drone_interfaces/msg/detail/dds_fastrtps/velocity_ned__type_support.cpp.o[0m
[ 77%] [32m[1mLinking CXX shared library libdrone_interfaces__rosidl_typesupport_fastrtps_cpp.so[0m
[ 77%] Built target drone_interfaces__rosidl_typesupport_fastrtps_cpp
[ 77%] Built target drone_interfaces
[ 79%] [34m[1mGenerating Python code for ROS interfaces[0m
[ 79%] Built target drone_interfaces__py
[ 84%] [32mBuilding C object CMakeFiles/drone_interfaces__rosidl_generator_py.dir/rosidl_generator_py/drone_interfaces/msg/_velocity_ned_s.c.o[0m
[ 84%] [32mBuilding C object CMakeFiles/drone_interfaces__rosidl_generator_py.dir/rosidl_generator_py/drone_interfaces/msg/_telemetry_data_s.c.o[0m
[ 86%] [32m[1mLinking C shared library libdrone_interfaces__rosidl_generator_py.so[0m
[ 86%] Built target drone_interfaces__rosidl_generator_py
[ 93%] [32mBuilding C object CMakeFiles/drone_interfaces_s__rosidl_typesupport_c.dir/rosidl_generator_py/drone_interfaces/_drone_interfaces_s.ep.rosidl_typesupport_c.c.o[0m
[ 93%] [32mBuilding C object CMakeFiles/drone_interfaces_s__rosidl_typesupport_introspection_c.dir/rosidl_generator_py/drone_interfaces/_drone_interfaces_s.ep.rosidl_typesupport_introspection_c.c.o[0m
[ 93%] [32mBuilding C object CMakeFiles/drone_interfaces_s__rosidl_typesupport_fastrtps_c.dir/rosidl_generator_py/drone_interfaces/_drone_interfaces_s.ep.rosidl_typesupport_fastrtps_c.c.o[0m
[ 95%] [32m[1mLinking C shared module rosidl_generator_py/drone_interfaces/drone_interfaces_s__rosidl_typesupport_introspection_c.so[0m
[ 97%] [32m[1mLinking C shared module rosidl_generator_py/drone_interfaces/drone_interfaces_s__rosidl_typesupport_c.so[0m
[100%] [32m[1mLinking C shared module rosidl_generator_py/drone_interfaces/drone_interfaces_s__rosidl_typesupport_fastrtps_c.so[0m
[100%] Built target drone_interfaces_s__rosidl_typesupport_c
[100%] Built target drone_interfaces_s__rosidl_typesupport_introspection_c
[100%] Built target drone_interfaces_s__rosidl_typesupport_fastrtps_c
-- Install configuration: ""
-- Installing: /root/ros2_ws/install/drone_interfaces/share/ament_index/resource_index/rosidl_interfaces/drone_interfaces
-- Installing: /root/ros2_ws/install/drone_interfaces/share/drone_interfaces/msg/VelocityNed.json
-- Installing: /root/ros2_ws/install/drone_interfaces/share/drone_interfaces/msg/TelemetryData.json
-- Installing: /root/ros2_ws/install/drone_interfaces/include/drone_interfaces/drone_interfaces
-- Installing: /root/ros2_ws/install/drone_interfaces/include/drone_interfaces/drone_interfaces/msg
-- Installing: /root/ros2_ws/install/drone_interfaces/include/drone_interfaces/drone_interfaces/msg/detail
-- Installing: /root/ros2_ws/install/drone_interfaces/include/drone_interfaces/drone_interfaces/msg/detail/velocity_ned__type_support.h
-- Installing: /root/ros2_ws/install/drone_interfaces/include/drone_interfaces/drone_interfaces/msg/detail/telemetry_data__struct.h
-- Installing: /root/ros2_ws/install/drone_interfaces/include/drone_interfaces/drone_interfaces/msg/detail/telemetry_data__functions.h
-- Installing: /root/ros2_ws/install/drone_interfaces/include/drone_interfaces/drone_interfaces/msg/detail/velocity_ned__description.c
-- Installing: /root/ros2_ws/install/drone_interfaces/include/drone_interfaces/drone_interfaces/msg/detail/velocity_ned__struct.h
-- Installing: /root/ros2_ws/install/drone_interfaces/include/drone_interfaces/drone_interfaces/msg/detail/velocity_ned__functions.c
-- Installing: /root/ros2_ws/install/drone_interfaces/include/drone_interfaces/drone_interfaces/msg/detail/telemetry_data__type_support.c
-- Installing: /root/ros2_ws/install/drone_interfaces/include/drone_interfaces/drone_interfaces/msg/detail/velocity_ned__type_support.c
-- Installing: /root/ros2_ws/install/drone_interfaces/include/drone_interfaces/drone_interfaces/msg/detail/velocity_ned__functions.h
-- Installing: /root/ros2_ws/install/drone_interfaces/include/drone_interfaces/drone_interfaces/msg/detail/telemetry_data__type_support.h
-- Installing: /root/ros2_ws/install/drone_interfaces/include/drone_interfaces/drone_interfaces/msg/detail/telemetry_data__functions.c
-- Installing: /root/ros2_ws/install/drone_interfaces/include/drone_interfaces/drone_interfaces/msg/detail/telemetry_data__description.c
-- Installing: /root/ros2_ws/install/drone_interfaces/include/drone_interfaces/drone_interfaces/msg/velocity_ned.h
-- Installing: /root/ros2_ws/install/drone_interfaces/include/drone_interfaces/drone_interfaces/msg/telemetry_data.h
-- Installing: /root/ros2_ws/install/drone_interfaces/include/drone_interfaces/drone_interfaces/msg/rosidl_generator_c__visibility_control.h
-- Installing: /root/ros2_ws/install/drone_interfaces/share/drone_interfaces/environment/library_path.sh
-- Installing: /root/ros2_ws/install/drone_interfaces/share/drone_interfaces/environment/library_path.dsv
-- Installing: /root/ros2_ws/install/drone_interfaces/lib/libdrone_interfaces__rosidl_generator_c.so
-- Set non-toolchain portion of runtime path of "/root/ros2_ws/install/drone_interfaces/lib/libdrone_interfaces__rosidl_generator_c.so" to ""
-- Up-to-date: /root/ros2_ws/install/drone_interfaces/include/drone_interfaces/drone_interfaces
-- Up-to-date: /root/ros2_ws/install/drone_interfaces/include/drone_interfaces/drone_interfaces/msg
-- Up-to-date: /root/ros2_ws/install/drone_interfaces/include/drone_interfaces/drone_interfaces/msg/detail
-- Installing: /root/ros2_ws/install/drone_interfaces/include/drone_interfaces/drone_interfaces/msg/detail/telemetry_data__rosidl_typesupport_fastrtps_c.h
-- Installing: /root/ros2_ws/install/drone_interfaces/include/drone_interfaces/drone_interfaces/msg/detail/velocity_ned__rosidl_typesupport_fastrtps_c.h
-- Installing: /root/ros2_ws/install/drone_interfaces/include/drone_interfaces/drone_interfaces/msg/rosidl_typesupport_fastrtps_c__visibility_control.h
-- Installing: /root/ros2_ws/install/drone_interfaces/lib/libdrone_interfaces__rosidl_typesupport_fastrtps_c.so
-- Set non-toolchain portion of runtime path of "/root/ros2_ws/install/drone_interfaces/lib/libdrone_interfaces__rosidl_typesupport_fastrtps_c.so" to ""
-- Up-to-date: /root/ros2_ws/install/drone_interfaces/include/drone_interfaces/drone_interfaces
-- Up-to-date: /root/ros2_ws/install/drone_interfaces/include/drone_interfaces/drone_interfaces/msg
-- Up-to-date: /root/ros2_ws/install/drone_interfaces/include/drone_interfaces/drone_interfaces/msg/detail
-- Installing: /root/ros2_ws/install/drone_interfaces/include/drone_interfaces/drone_interfaces/msg/detail/velocity_ned__rosidl_typesupport_introspection_c.h
-- Installing: /root/ros2_ws/install/drone_interfaces/include/drone_interfaces/drone_interfaces/msg/detail/telemetry_data__type_support.c
-- Installing: /root/ros2_ws/install/drone_interfaces/include/drone_interfaces/drone_interfaces/msg/detail/velocity_ned__type_support.c
-- Installing: /root/ros2_ws/install/drone_interfaces/include/drone_interfaces/drone_interfaces/msg/detail/telemetry_data__rosidl_typesupport_introspection_c.h
-- Installing: /root/ros2_ws/install/drone_interfaces/include/drone_interfaces/drone_interfaces/msg/rosidl_typesupport_introspection_c__visibility_control.h
-- Installing: /root/ros2_ws/install/drone_interfaces/lib/libdrone_interfaces__rosidl_typesupport_introspection_c.so
-- Set non-toolchain portion of runtime path of "/root/ros2_ws/install/drone_interfaces/lib/libdrone_interfaces__rosidl_typesupport_introspection_c.so" to ""
-- Installing: /root/ros2_ws/install/drone_interfaces/lib/libdrone_interfaces__rosidl_typesupport_c.so
-- Set non-toolchain portion of runtime path of "/root/ros2_ws/install/drone_interfaces/lib/libdrone_interfaces__rosidl_typesupport_c.so" to ""
-- Up-to-date: /root/ros2_ws/install/drone_interfaces/include/drone_interfaces/drone_interfaces
-- Up-to-date: /root/ros2_ws/install/drone_interfaces/include/drone_interfaces/drone_interfaces/msg
-- Installing: /root/ros2_ws/install/drone_interfaces/include/drone_interfaces/drone_interfaces/msg/telemetry_data.hpp
-- Installing: /root/ros2_ws/install/drone_interfaces/include/drone_interfaces/drone_interfaces/msg/rosidl_generator_cpp__visibility_control.hpp
-- Up-to-date: /root/ros2_ws/install/drone_interfaces/include/drone_interfaces/drone_interfaces/msg/detail
-- Installing: /root/ros2_ws/install/drone_interfaces/include/drone_interfaces/drone_interfaces/msg/detail/telemetry_data__traits.hpp
-- Installing: /root/ros2_ws/install/drone_interfaces/include/drone_interfaces/drone_interfaces/msg/detail/telemetry_data__struct.hpp
-- Installing: /root/ros2_ws/install/drone_interfaces/include/drone_interfaces/drone_interfaces/msg/detail/telemetry_data__type_support.hpp
-- Installing: /root/ros2_ws/install/drone_interfaces/include/drone_interfaces/drone_interfaces/msg/detail/velocity_ned__traits.hpp
-- Installing: /root/ros2_ws/install/drone_interfaces/include/drone_interfaces/drone_interfaces/msg/detail/velocity_ned__builder.hpp
-- Installing: /root/ros2_ws/install/drone_interfaces/include/drone_interfaces/drone_interfaces/msg/detail/telemetry_data__builder.hpp
-- Installing: /root/ros2_ws/install/drone_interfaces/include/drone_interfaces/drone_interfaces/msg/detail/velocity_ned__struct.hpp
-- Installing: /root/ros2_ws/install/drone_interfaces/include/drone_interfaces/drone_interfaces/msg/detail/velocity_ned__type_support.hpp
-- Installing: /root/ros2_ws/install/drone_interfaces/include/drone_interfaces/drone_interfaces/msg/velocity_ned.hpp
-- Up-to-date: /root/ros2_ws/install/drone_interfaces/include/drone_interfaces/drone_interfaces
-- Up-to-date: /root/ros2_ws/install/drone_interfaces/include/drone_interfaces/drone_interfaces/msg
-- Up-to-date: /root/ros2_ws/install/drone_interfaces/include/drone_interfaces/drone_interfaces/msg/detail
-- Installing: /root/ros2_ws/install/drone_interfaces/include/drone_interfaces/drone_interfaces/msg/detail/velocity_ned__rosidl_typesupport_fastrtps_cpp.hpp
-- Installing: /root/ros2_ws/install/drone_interfaces/include/drone_interfaces/drone_interfaces/msg/detail/telemetry_data__rosidl_typesupport_fastrtps_cpp.hpp
-- Installing: /root/ros2_ws/install/drone_interfaces/include/drone_interfaces/drone_interfaces/msg/detail/dds_fastrtps
-- Installing: /root/ros2_ws/install/drone_interfaces/include/drone_interfaces/drone_interfaces/msg/rosidl_typesupport_fastrtps_cpp__visibility_control.h
-- Installing: /root/ros2_ws/install/drone_interfaces/lib/libdrone_interfaces__rosidl_typesupport_fastrtps_cpp.so
-- Set non-toolchain portion of runtime path of "/root/ros2_ws/install/drone_interfaces/lib/libdrone_interfaces__rosidl_typesupport_fastrtps_cpp.so" to ""
-- Up-to-date: /root/ros2_ws/install/drone_interfaces/include/drone_interfaces/drone_interfaces
-- Up-to-date: /root/ros2_ws/install/drone_interfaces/include/drone_interfaces/drone_interfaces/msg
-- Up-to-date: /root/ros2_ws/install/drone_interfaces/include/drone_interfaces/drone_interfaces/msg/detail
-- Installing: /root/ros2_ws/install/drone_interfaces/include/drone_interfaces/drone_interfaces/msg/detail/velocity_ned__rosidl_typesupport_introspection_cpp.hpp
-- Installing: /root/ros2_ws/install/drone_interfaces/include/drone_interfaces/drone_interfaces/msg/detail/velocity_ned__type_support.cpp
-- Installing: /root/ros2_ws/install/drone_interfaces/include/drone_interfaces/drone_interfaces/msg/detail/telemetry_data__rosidl_typesupport_introspection_cpp.hpp
-- Installing: /root/ros2_ws/install/drone_interfaces/include/drone_interfaces/drone_interfaces/msg/detail/telemetry_data__type_support.cpp
-- Installing: /root/ros2_ws/install/drone_interfaces/lib/libdrone_interfaces__rosidl_typesupport_introspection_cpp.so
-- Set non-toolchain portion of runtime path of "/root/ros2_ws/install/drone_interfaces/lib/libdrone_interfaces__rosidl_typesupport_introspection_cpp.so" to ""
-- Installing: /root/ros2_ws/install/drone_interfaces/lib/libdrone_interfaces__rosidl_typesupport_cpp.so
-- Set non-toolchain portion of runtime path of "/root/ros2_ws/install/drone_interfaces/lib/libdrone_interfaces__rosidl_typesupport_cpp.so" to ""
-- Installing: /root/ros2_ws/install/drone_interfaces/share/drone_interfaces/environment/pythonpath.sh
-- Installing: /root/ros2_ws/install/drone_interfaces/share/drone_interfaces/environment/pythonpath.dsv
-- Installing: /root/ros2_ws/install/drone_interfaces/lib/python3.12/site-packages/drone_interfaces-0.0.0-py3.12.egg-info
-- Installing: /root/ros2_ws/install/drone_interfaces/lib/python3.12/site-packages/drone_interfaces-0.0.0-py3.12.egg-info/PKG-INFO
-- Installing: /root/ros2_ws/install/drone_interfaces/lib/python3.12/site-packages/drone_interfaces-0.0.0-py3.12.egg-info/dependency_links.txt
-- Installing: /root/ros2_ws/install/drone_interfaces/lib/python3.12/site-packages/drone_interfaces-0.0.0-py3.12.egg-info/top_level.txt
-- Installing: /root/ros2_ws/install/drone_interfaces/lib/python3.12/site-packages/drone_interfaces-0.0.0-py3.12.egg-info/SOURCES.txt
-- Installing: /root/ros2_ws/install/drone_interfaces/lib/python3.12/site-packages/drone_interfaces
-- Installing: /root/ros2_ws/install/drone_interfaces/lib/python3.12/site-packages/drone_interfaces/_drone_interfaces_s.ep.rosidl_typesupport_introspection_c.c
-- Installing: /root/ros2_ws/install/drone_interfaces/lib/python3.12/site-packages/drone_interfaces/drone_interfaces_s__rosidl_typesupport_introspection_c.so
-- Installing: /root/ros2_ws/install/drone_interfaces/lib/python3.12/site-packages/drone_interfaces/_drone_interfaces_s.ep.rosidl_typesupport_c.c
-- Installing: /root/ros2_ws/install/drone_interfaces/lib/python3.12/site-packages/drone_interfaces/drone_interfaces_s__rosidl_typesupport_c.so
-- Installing: /root/ros2_ws/install/drone_interfaces/lib/python3.12/site-packages/drone_interfaces/__init__.py
-- Installing: /root/ros2_ws/install/drone_interfaces/lib/python3.12/site-packages/drone_interfaces/msg
-- Installing: /root/ros2_ws/install/drone_interfaces/lib/python3.12/site-packages/drone_interfaces/msg/_telemetry_data_s.c
-- Installing: /root/ros2_ws/install/drone_interfaces/lib/python3.12/site-packages/drone_interfaces/msg/_telemetry_data.py
-- Installing: /root/ros2_ws/install/drone_interfaces/lib/python3.12/site-packages/drone_interfaces/msg/_velocity_ned.py
-- Installing: /root/ros2_ws/install/drone_interfaces/lib/python3.12/site-packages/drone_interfaces/msg/__init__.py
-- Installing: /root/ros2_ws/install/drone_interfaces/lib/python3.12/site-packages/drone_interfaces/msg/_velocity_ned_s.c
-- Installing: /root/ros2_ws/install/drone_interfaces/lib/python3.12/site-packages/drone_interfaces/drone_interfaces_s__rosidl_typesupport_fastrtps_c.so
-- Installing: /root/ros2_ws/install/drone_interfaces/lib/python3.12/site-packages/drone_interfaces/_drone_interfaces_s.ep.rosidl_typesupport_fastrtps_c.c
Listing '/root/ros2_ws/install/drone_interfaces/lib/python3.12/site-packages/drone_interfaces'...
Compiling '/root/ros2_ws/install/drone_interfaces/lib/python3.12/site-packages/drone_interfaces/__init__.py'...
Listing '/root/ros2_ws/install/drone_interfaces/lib/python3.12/site-packages/drone_interfaces/msg'...
Compiling '/root/ros2_ws/install/drone_interfaces/lib/python3.12/site-packages/drone_interfaces/msg/__init__.py'...
Compiling '/root/ros2_ws/install/drone_interfaces/lib/python3.12/site-packages/drone_interfaces/msg/_telemetry_data.py'...
Compiling '/root/ros2_ws/install/drone_interfaces/lib/python3.12/site-packages/drone_interfaces/msg/_velocity_ned.py'...
-- Installing: /root/ros2_ws/install/drone_interfaces/lib/python3.12/site-packages/drone_interfaces/drone_interfaces_s__rosidl_typesupport_fastrtps_c.so
-- Set non-toolchain portion of runtime path of "/root/ros2_ws/install/drone_interfaces/lib/python3.12/site-packages/drone_interfaces/drone_interfaces_s__rosidl_typesupport_fastrtps_c.so" to ""
-- Installing: /root/ros2_ws/install/drone_interfaces/lib/python3.12/site-packages/drone_interfaces/drone_interfaces_s__rosidl_typesupport_introspection_c.so
-- Set non-toolchain portion of runtime path of "/root/ros2_ws/install/drone_interfaces/lib/python3.12/site-packages/drone_interfaces/drone_interfaces_s__rosidl_typesupport_introspection_c.so" to ""
-- Installing: /root/ros2_ws/install/drone_interfaces/lib/python3.12/site-packages/drone_interfaces/drone_interfaces_s__rosidl_typesupport_c.so
-- Set non-toolchain portion of runtime path of "/root/ros2_ws/install/drone_interfaces/lib/python3.12/site-packages/drone_interfaces/drone_interfaces_s__rosidl_typesupport_c.so" to ""
-- Installing: /root/ros2_ws/install/drone_interfaces/lib/libdrone_interfaces__rosidl_generator_py.so
-- Set non-toolchain portion of runtime path of "/root/ros2_ws/install/drone_interfaces/lib/libdrone_interfaces__rosidl_generator_py.so" to ""
-- Installing: /root/ros2_ws/install/drone_interfaces/share/drone_interfaces/msg/VelocityNed.idl
-- Installing: /root/ros2_ws/install/drone_interfaces/share/drone_interfaces/msg/TelemetryData.idl
-- Installing: /root/ros2_ws/install/drone_interfaces/share/drone_interfaces/msg/VelocityNed.msg
-- Installing: /root/ros2_ws/install/drone_interfaces/share/drone_interfaces/msg/TelemetryData.msg
-- Installing: /root/ros2_ws/install/drone_interfaces/share/ament_index/resource_index/package_run_dependencies/drone_interfaces
-- Installing: /root/ros2_ws/install/drone_interfaces/share/ament_index/resource_index/parent_prefix_path/drone_interfaces
-- Installing: /root/ros2_ws/install/drone_interfaces/share/drone_interfaces/environment/ament_prefix_path.sh
-- Installing: /root/ros2_ws/install/drone_interfaces/share/drone_interfaces/environment/ament_prefix_path.dsv
-- Installing: /root/ros2_ws/install/drone_interfaces/share/drone_interfaces/environment/path.sh
-- Installing: /root/ros2_ws/install/drone_interfaces/share/drone_interfaces/environment/path.dsv
-- Installing: /root/ros2_ws/install/drone_interfaces/share/drone_interfaces/local_setup.bash
-- Installing: /root/ros2_ws/install/drone_interfaces/share/drone_interfaces/local_setup.sh
-- Installing: /root/ros2_ws/install/drone_interfaces/share/drone_interfaces/local_setup.zsh
-- Installing: /root/ros2_ws/install/drone_interfaces/share/drone_interfaces/local_setup.dsv
-- Installing: /root/ros2_ws/install/drone_interfaces/share/drone_interfaces/package.dsv
-- Installing: /root/ros2_ws/install/drone_interfaces/share/ament_index/resource_index/packages/drone_interfaces
-- Installing: /root/ros2_ws/install/drone_interfaces/share/drone_interfaces/cmake/export_drone_interfaces__rosidl_generator_cExport.cmake
-- Installing: /root/ros2_ws/install/drone_interfaces/share/drone_interfaces/cmake/export_drone_interfaces__rosidl_generator_cExport-noconfig.cmake
-- Installing: /root/ros2_ws/install/drone_interfaces/share/drone_interfaces/cmake/export_drone_interfaces__rosidl_typesupport_fastrtps_cExport.cmake
-- Installing: /root/ros2_ws/install/drone_interfaces/share/drone_interfaces/cmake/export_drone_interfaces__rosidl_typesupport_fastrtps_cExport-noconfig.cmake
-- Installing: /root/ros2_ws/install/drone_interfaces/share/drone_interfaces/cmake/drone_interfaces__rosidl_typesupport_introspection_cExport.cmake
-- Installing: /root/ros2_ws/install/drone_interfaces/share/drone_interfaces/cmake/drone_interfaces__rosidl_typesupport_introspection_cExport-noconfig.cmake
-- Installing: /root/ros2_ws/install/drone_interfaces/share/drone_interfaces/cmake/drone_interfaces__rosidl_typesupport_cExport.cmake
-- Installing: /root/ros2_ws/install/drone_interfaces/share/drone_interfaces/cmake/drone_interfaces__rosidl_typesupport_cExport-noconfig.cmake
-- Installing: /root/ros2_ws/install/drone_interfaces/share/drone_interfaces/cmake/export_drone_interfaces__rosidl_generator_cppExport.cmake
-- Installing: /root/ros2_ws/install/drone_interfaces/share/drone_interfaces/cmake/export_drone_interfaces__rosidl_typesupport_fastrtps_cppExport.cmake
-- Installing: /root/ros2_ws/install/drone_interfaces/share/drone_interfaces/cmake/export_drone_interfaces__rosidl_typesupport_fastrtps_cppExport-noconfig.cmake
-- Installing: /root/ros2_ws/install/drone_interfaces/share/drone_interfaces/cmake/drone_interfaces__rosidl_typesupport_introspection_cppExport.cmake
-- Installing: /root/ros2_ws/install/drone_interfaces/share/drone_interfaces/cmake/drone_interfaces__rosidl_typesupport_introspection_cppExport-noconfig.cmake
-- Installing: /root/ros2_ws/install/drone_interfaces/share/drone_interfaces/cmake/drone_interfaces__rosidl_typesupport_cppExport.cmake
-- Installing: /root/ros2_ws/install/drone_interfaces/share/drone_interfaces/cmake/drone_interfaces__rosidl_typesupport_cppExport-noconfig.cmake
-- Installing: /root/ros2_ws/install/drone_interfaces/share/drone_interfaces/cmake/export_drone_interfaces__rosidl_generator_pyExport.cmake
-- Installing: /root/ros2_ws/install/drone_interfaces/share/drone_interfaces/cmake/export_drone_interfaces__rosidl_generator_pyExport-noconfig.cmake
-- Installing: /root/ros2_ws/install/drone_interfaces/share/drone_interfaces/cmake/rosidl_cmake-extras.cmake
-- Installing: /root/ros2_ws/install/drone_interfaces/share/drone_interfaces/cmake/ament_cmake_export_include_directories-extras.cmake
-- Installing: /root/ros2_ws/install/drone_interfaces/share/drone_interfaces/cmake/ament_cmake_export_libraries-extras.cmake
-- Installing: /root/ros2_ws/install/drone_interfaces/share/drone_interfaces/cmake/ament_cmake_export_targets-extras.cmake
-- Installing: /root/ros2_ws/install/drone_interfaces/share/drone_interfaces/cmake/rosidl_cmake_export_typesupport_targets-extras.cmake
-- Installing: /root/ros2_ws/install/drone_interfaces/share/drone_interfaces/cmake/ament_cmake_export_dependencies-extras.cmake
-- Installing: /root/ros2_ws/install/drone_interfaces/share/drone_interfaces/cmake/rosidl_cmake_export_typesupport_libraries-extras.cmake
-- Installing: /root/ros2_ws/install/drone_interfaces/share/drone_interfaces/cmake/drone_interfacesConfig.cmake
-- Installing: /root/ros2_ws/install/drone_interfaces/share/drone_interfaces/cmake/drone_interfacesConfig-version.cmake
-- Installing: /root/ros2_ws/install/drone_interfaces/share/drone_interfaces/package.xml
