[0.010s] Invoking command in '/root/ros2_ws/build/drone_interfaces': CMAKE_PREFIX_PATH=${CMAKE_PREFIX_PATH}:/root/ros2_ws/install/drone_controlling:/opt/ros/jazzy /usr/bin/cmake /root/ros2_ws/src/drone_interfaces -DCMAKE_INSTALL_PREFIX=/root/ros2_ws/install/drone_interfaces
[0.580s] -- The C compiler identification is GNU 13.2.0
[1.027s] -- The CXX compiler identification is GNU 13.2.0
[1.066s] -- Detecting C compiler ABI info
[1.210s] -- Detecting C compiler ABI info - done
[1.223s] -- Check for working C compiler: /usr/bin/cc - skipped
[1.224s] -- Detecting C compile features
[1.225s] -- Detecting C compile features - done
[1.247s] -- Detecting CXX compiler ABI info
[1.375s] -- Detecting CXX compiler ABI info - done
[1.388s] -- Check for working CXX compiler: /usr/bin/c++ - skipped
[1.388s] -- Detecting CXX compile features
[1.389s] -- Detecting CXX compile features - done
[1.401s] -- Found ament_cmake: 2.5.2 (/opt/ros/jazzy/share/ament_cmake/cmake)
[1.622s] -- Found Python3: /usr/bin/python3 (found version "3.12.3") found components: Interpreter 
[1.816s] -- Found rosidl_default_generators: 1.6.0 (/opt/ros/jazzy/share/rosidl_default_generators/cmake)
[1.827s] -- Using all available rosidl_typesupport_c: rosidl_typesupport_fastrtps_c;rosidl_typesupport_introspection_c
[1.929s] -- Using all available rosidl_typesupport_cpp: rosidl_typesupport_fastrtps_cpp;rosidl_typesupport_introspection_cpp
[2.012s] -- Found rosidl_adapter: 4.6.3 (/opt/ros/jazzy/share/rosidl_adapter/cmake)
[2.829s] -- Found ament_cmake_ros: 0.12.0 (/opt/ros/jazzy/share/ament_cmake_ros/cmake)
[3.395s] -- Using all available rosidl_typesupport_c: rosidl_typesupport_fastrtps_c;rosidl_typesupport_introspection_c
[4.118s] -- Using all available rosidl_typesupport_cpp: rosidl_typesupport_fastrtps_cpp;rosidl_typesupport_introspection_cpp
[4.123s] -- Found python_cmake_module: 0.11.1 (/opt/ros/jazzy/share/python_cmake_module/cmake)
[4.307s] -- Found PythonExtra: /usr/bin/python3  
[5.215s] -- Found Python3: /usr/bin/python3 (found version "3.12.3") found components: Interpreter Development NumPy Development.Module Development.Embed 
[5.258s] -- Found ament_lint_auto: 0.17.1 (/opt/ros/jazzy/share/ament_lint_auto/cmake)
[5.304s] -- Added test 'lint_cmake' to check CMake code style
[5.307s] -- Added test 'xmllint' to check XML markup files
[5.315s] -- Configuring done (5.3s)
[5.368s] -- Generating done (0.0s)
[5.372s] -- Build files have been written to: /root/ros2_ws/build/drone_interfaces
[5.381s] Invoked command in '/root/ros2_ws/build/drone_interfaces' returned '0': CMAKE_PREFIX_PATH=${CMAKE_PREFIX_PATH}:/root/ros2_ws/install/drone_controlling:/opt/ros/jazzy /usr/bin/cmake /root/ros2_ws/src/drone_interfaces -DCMAKE_INSTALL_PREFIX=/root/ros2_ws/install/drone_interfaces
[5.383s] Invoking command in '/root/ros2_ws/build/drone_interfaces': CMAKE_PREFIX_PATH=${CMAKE_PREFIX_PATH}:/root/ros2_ws/install/drone_controlling:/opt/ros/jazzy /usr/bin/cmake --build /root/ros2_ws/build/drone_interfaces -- -j4 -l4
[5.440s] [  2%] [34m[1mGenerating type hashes for ROS interfaces[0m
[5.451s] [  2%] Built target ament_cmake_python_copy_drone_interfaces
[5.751s] running egg_info
[5.751s] creating drone_interfaces.egg-info
[5.778s] writing drone_interfaces.egg-info/PKG-INFO
[5.778s] writing dependency_links to drone_interfaces.egg-info/dependency_links.txt
[5.779s] writing top-level names to drone_interfaces.egg-info/top_level.txt
[5.779s] writing manifest file 'drone_interfaces.egg-info/SOURCES.txt'
[5.831s] reading manifest file 'drone_interfaces.egg-info/SOURCES.txt'
[5.832s] writing manifest file 'drone_interfaces.egg-info/SOURCES.txt'
[5.844s] [  2%] Built target drone_interfaces__rosidl_generator_type_description
[5.858s] [  4%] [34m[1mGenerating C code for ROS interfaces[0m
[5.891s] [  6%] [34m[1mGenerating C++ code for ROS interfaces[0m
[5.934s] [  6%] Built target ament_cmake_python_build_drone_interfaces_egg
[6.405s] [  6%] Built target drone_interfaces__cpp
[6.486s] [ 11%] [32mBuilding C object CMakeFiles/drone_interfaces__rosidl_generator_c.dir/rosidl_generator_c/drone_interfaces/msg/detail/velocity_ned__description.c.o[0m
[6.489s] [ 11%] [32mBuilding C object CMakeFiles/drone_interfaces__rosidl_generator_c.dir/rosidl_generator_c/drone_interfaces/msg/detail/telemetry_data__description.c.o[0m
[6.494s] [ 13%] [32mBuilding C object CMakeFiles/drone_interfaces__rosidl_generator_c.dir/rosidl_generator_c/drone_interfaces/msg/detail/velocity_ned__functions.c.o[0m
[6.495s] [ 15%] [32mBuilding C object CMakeFiles/drone_interfaces__rosidl_generator_c.dir/rosidl_generator_c/drone_interfaces/msg/detail/velocity_ned__type_support.c.o[0m
[6.594s] [ 18%] [32mBuilding C object CMakeFiles/drone_interfaces__rosidl_generator_c.dir/rosidl_generator_c/drone_interfaces/msg/detail/telemetry_data__functions.c.o[0m
[6.623s] [ 20%] [32mBuilding C object CMakeFiles/drone_interfaces__rosidl_generator_c.dir/rosidl_generator_c/drone_interfaces/msg/detail/telemetry_data__type_support.c.o[0m
[6.688s] [ 22%] [32m[1mLinking C shared library libdrone_interfaces__rosidl_generator_c.so[0m
[6.738s] [ 22%] Built target drone_interfaces__rosidl_generator_c
[6.754s] [ 29%] [34m[1mGenerating C introspection for ROS interfaces[0m
[6.755s] [ 29%] [34m[1mGenerating C type support for eProsima Fast-RTPS[0m
[6.755s] [ 29%] [34m[1mGenerating C++ introspection for ROS interfaces[0m
[6.755s] [ 31%] [34m[1mGenerating C++ type support dispatch for ROS interfaces[0m
[7.286s] [ 34%] [32mBuilding CXX object CMakeFiles/drone_interfaces__rosidl_typesupport_cpp.dir/rosidl_typesupport_cpp/drone_interfaces/msg/velocity_ned__type_support.cpp.o[0m
[7.351s] [ 36%] [32mBuilding CXX object CMakeFiles/drone_interfaces__rosidl_typesupport_introspection_cpp.dir/rosidl_typesupport_introspection_cpp/drone_interfaces/msg/detail/velocity_ned__type_support.cpp.o[0m
[7.425s] [ 38%] [32mBuilding C object CMakeFiles/drone_interfaces__rosidl_typesupport_introspection_c.dir/rosidl_typesupport_introspection_c/drone_interfaces/msg/detail/velocity_ned__type_support.c.o[0m
[7.466s] [ 40%] [32mBuilding CXX object CMakeFiles/drone_interfaces__rosidl_typesupport_fastrtps_c.dir/rosidl_typesupport_fastrtps_c/drone_interfaces/msg/detail/velocity_ned__type_support_c.cpp.o[0m
[7.508s] [ 43%] [32mBuilding C object CMakeFiles/drone_interfaces__rosidl_typesupport_introspection_c.dir/rosidl_typesupport_introspection_c/drone_interfaces/msg/detail/telemetry_data__type_support.c.o[0m
[7.567s] [ 45%] [32m[1mLinking C shared library libdrone_interfaces__rosidl_typesupport_introspection_c.so[0m
[7.660s] [ 45%] Built target drone_interfaces__rosidl_typesupport_introspection_c
[7.679s] [ 47%] [32mBuilding CXX object CMakeFiles/drone_interfaces__rosidl_typesupport_fastrtps_c.dir/rosidl_typesupport_fastrtps_c/drone_interfaces/msg/detail/telemetry_data__type_support_c.cpp.o[0m
[8.253s] [ 50%] [32mBuilding CXX object CMakeFiles/drone_interfaces__rosidl_typesupport_cpp.dir/rosidl_typesupport_cpp/drone_interfaces/msg/telemetry_data__type_support.cpp.o[0m
[8.309s] [ 52%] [32mBuilding CXX object CMakeFiles/drone_interfaces__rosidl_typesupport_introspection_cpp.dir/rosidl_typesupport_introspection_cpp/drone_interfaces/msg/detail/telemetry_data__type_support.cpp.o[0m
[8.855s] [ 54%] [34m[1mGenerating C type support dispatch for ROS interfaces[0m
[8.943s] [ 56%] [32m[1mLinking CXX shared library libdrone_interfaces__rosidl_typesupport_fastrtps_c.so[0m
[9.084s] [ 59%] [32m[1mLinking CXX shared library libdrone_interfaces__rosidl_typesupport_cpp.so[0m
[9.169s] [ 59%] Built target drone_interfaces__rosidl_typesupport_fastrtps_c
[9.200s] [ 61%] [34m[1mGenerating C++ type support for eProsima Fast-RTPS[0m
[9.201s] [ 61%] Built target drone_interfaces__rosidl_typesupport_cpp
[9.247s] [ 63%] [32m[1mLinking CXX shared library libdrone_interfaces__rosidl_typesupport_introspection_cpp.so[0m
[9.397s] [ 63%] Built target drone_interfaces__rosidl_typesupport_introspection_cpp
[9.537s] [ 68%] [32mBuilding CXX object CMakeFiles/drone_interfaces__rosidl_typesupport_c.dir/rosidl_typesupport_c/drone_interfaces/msg/velocity_ned__type_support.cpp.o[0m
[9.538s] [ 68%] [32mBuilding CXX object CMakeFiles/drone_interfaces__rosidl_typesupport_c.dir/rosidl_typesupport_c/drone_interfaces/msg/telemetry_data__type_support.cpp.o[0m
[9.619s] [ 70%] [32m[1mLinking CXX shared library libdrone_interfaces__rosidl_typesupport_c.so[0m
[9.667s] [ 70%] Built target drone_interfaces__rosidl_typesupport_c
[9.821s] [ 75%] [32mBuilding CXX object CMakeFiles/drone_interfaces__rosidl_typesupport_fastrtps_cpp.dir/rosidl_typesupport_fastrtps_cpp/drone_interfaces/msg/detail/dds_fastrtps/telemetry_data__type_support.cpp.o[0m
[9.821s] [ 75%] [32mBuilding CXX object CMakeFiles/drone_interfaces__rosidl_typesupport_fastrtps_cpp.dir/rosidl_typesupport_fastrtps_cpp/drone_interfaces/msg/detail/dds_fastrtps/velocity_ned__type_support.cpp.o[0m
[10.785s] [ 77%] [32m[1mLinking CXX shared library libdrone_interfaces__rosidl_typesupport_fastrtps_cpp.so[0m
[10.933s] [ 77%] Built target drone_interfaces__rosidl_typesupport_fastrtps_cpp
[10.956s] [ 77%] Built target drone_interfaces
[10.980s] [ 79%] [34m[1mGenerating Python code for ROS interfaces[0m
[11.594s] [ 79%] Built target drone_interfaces__py
[11.629s] [ 84%] [32mBuilding C object CMakeFiles/drone_interfaces__rosidl_generator_py.dir/rosidl_generator_py/drone_interfaces/msg/_velocity_ned_s.c.o[0m
[11.629s] [ 84%] [32mBuilding C object CMakeFiles/drone_interfaces__rosidl_generator_py.dir/rosidl_generator_py/drone_interfaces/msg/_telemetry_data_s.c.o[0m
[11.940s] [ 86%] [32m[1mLinking C shared library libdrone_interfaces__rosidl_generator_py.so[0m
[11.994s] [ 86%] Built target drone_interfaces__rosidl_generator_py
[12.035s] [ 93%] [32mBuilding C object CMakeFiles/drone_interfaces_s__rosidl_typesupport_c.dir/rosidl_generator_py/drone_interfaces/_drone_interfaces_s.ep.rosidl_typesupport_c.c.o[0m
[12.035s] [ 93%] [32mBuilding C object CMakeFiles/drone_interfaces_s__rosidl_typesupport_introspection_c.dir/rosidl_generator_py/drone_interfaces/_drone_interfaces_s.ep.rosidl_typesupport_introspection_c.c.o[0m
[12.035s] [ 93%] [32mBuilding C object CMakeFiles/drone_interfaces_s__rosidl_typesupport_fastrtps_c.dir/rosidl_generator_py/drone_interfaces/_drone_interfaces_s.ep.rosidl_typesupport_fastrtps_c.c.o[0m
[12.254s] [ 95%] [32m[1mLinking C shared module rosidl_generator_py/drone_interfaces/drone_interfaces_s__rosidl_typesupport_introspection_c.so[0m
[12.254s] [ 97%] [32m[1mLinking C shared module rosidl_generator_py/drone_interfaces/drone_interfaces_s__rosidl_typesupport_c.so[0m
[12.268s] [100%] [32m[1mLinking C shared module rosidl_generator_py/drone_interfaces/drone_interfaces_s__rosidl_typesupport_fastrtps_c.so[0m
[12.307s] [100%] Built target drone_interfaces_s__rosidl_typesupport_c
[12.307s] [100%] Built target drone_interfaces_s__rosidl_typesupport_introspection_c
[12.317s] [100%] Built target drone_interfaces_s__rosidl_typesupport_fastrtps_c
[12.341s] Invoked command in '/root/ros2_ws/build/drone_interfaces' returned '0': CMAKE_PREFIX_PATH=${CMAKE_PREFIX_PATH}:/root/ros2_ws/install/drone_controlling:/opt/ros/jazzy /usr/bin/cmake --build /root/ros2_ws/build/drone_interfaces -- -j4 -l4
[12.408s] Invoking command in '/root/ros2_ws/build/drone_interfaces': CMAKE_PREFIX_PATH=${CMAKE_PREFIX_PATH}:/root/ros2_ws/install/drone_controlling:/opt/ros/jazzy /usr/bin/cmake --install /root/ros2_ws/build/drone_interfaces
[12.432s] -- Install configuration: ""
[12.432s] -- Installing: /root/ros2_ws/install/drone_interfaces/share/ament_index/resource_index/rosidl_interfaces/drone_interfaces
[12.432s] -- Installing: /root/ros2_ws/install/drone_interfaces/share/drone_interfaces/msg/VelocityNed.json
[12.432s] -- Installing: /root/ros2_ws/install/drone_interfaces/share/drone_interfaces/msg/TelemetryData.json
[12.432s] -- Installing: /root/ros2_ws/install/drone_interfaces/include/drone_interfaces/drone_interfaces
[12.432s] -- Installing: /root/ros2_ws/install/drone_interfaces/include/drone_interfaces/drone_interfaces/msg
[12.432s] -- Installing: /root/ros2_ws/install/drone_interfaces/include/drone_interfaces/drone_interfaces/msg/detail
[12.432s] -- Installing: /root/ros2_ws/install/drone_interfaces/include/drone_interfaces/drone_interfaces/msg/detail/velocity_ned__type_support.h
[12.432s] -- Installing: /root/ros2_ws/install/drone_interfaces/include/drone_interfaces/drone_interfaces/msg/detail/telemetry_data__struct.h
[12.432s] -- Installing: /root/ros2_ws/install/drone_interfaces/include/drone_interfaces/drone_interfaces/msg/detail/telemetry_data__functions.h
[12.432s] -- Installing: /root/ros2_ws/install/drone_interfaces/include/drone_interfaces/drone_interfaces/msg/detail/velocity_ned__description.c
[12.433s] -- Installing: /root/ros2_ws/install/drone_interfaces/include/drone_interfaces/drone_interfaces/msg/detail/velocity_ned__struct.h
[12.433s] -- Installing: /root/ros2_ws/install/drone_interfaces/include/drone_interfaces/drone_interfaces/msg/detail/velocity_ned__functions.c
[12.433s] -- Installing: /root/ros2_ws/install/drone_interfaces/include/drone_interfaces/drone_interfaces/msg/detail/telemetry_data__type_support.c
[12.433s] -- Installing: /root/ros2_ws/install/drone_interfaces/include/drone_interfaces/drone_interfaces/msg/detail/velocity_ned__type_support.c
[12.433s] -- Installing: /root/ros2_ws/install/drone_interfaces/include/drone_interfaces/drone_interfaces/msg/detail/velocity_ned__functions.h
[12.433s] -- Installing: /root/ros2_ws/install/drone_interfaces/include/drone_interfaces/drone_interfaces/msg/detail/telemetry_data__type_support.h
[12.433s] -- Installing: /root/ros2_ws/install/drone_interfaces/include/drone_interfaces/drone_interfaces/msg/detail/telemetry_data__functions.c
[12.433s] -- Installing: /root/ros2_ws/install/drone_interfaces/include/drone_interfaces/drone_interfaces/msg/detail/telemetry_data__description.c
[12.433s] -- Installing: /root/ros2_ws/install/drone_interfaces/include/drone_interfaces/drone_interfaces/msg/velocity_ned.h
[12.433s] -- Installing: /root/ros2_ws/install/drone_interfaces/include/drone_interfaces/drone_interfaces/msg/telemetry_data.h
[12.433s] -- Installing: /root/ros2_ws/install/drone_interfaces/include/drone_interfaces/drone_interfaces/msg/rosidl_generator_c__visibility_control.h
[12.436s] -- Installing: /root/ros2_ws/install/drone_interfaces/share/drone_interfaces/environment/library_path.sh
[12.436s] -- Installing: /root/ros2_ws/install/drone_interfaces/share/drone_interfaces/environment/library_path.dsv
[12.436s] -- Installing: /root/ros2_ws/install/drone_interfaces/lib/libdrone_interfaces__rosidl_generator_c.so
[12.437s] -- Set non-toolchain portion of runtime path of "/root/ros2_ws/install/drone_interfaces/lib/libdrone_interfaces__rosidl_generator_c.so" to ""
[12.437s] -- Up-to-date: /root/ros2_ws/install/drone_interfaces/include/drone_interfaces/drone_interfaces
[12.437s] -- Up-to-date: /root/ros2_ws/install/drone_interfaces/include/drone_interfaces/drone_interfaces/msg
[12.437s] -- Up-to-date: /root/ros2_ws/install/drone_interfaces/include/drone_interfaces/drone_interfaces/msg/detail
[12.437s] -- Installing: /root/ros2_ws/install/drone_interfaces/include/drone_interfaces/drone_interfaces/msg/detail/telemetry_data__rosidl_typesupport_fastrtps_c.h
[12.437s] -- Installing: /root/ros2_ws/install/drone_interfaces/include/drone_interfaces/drone_interfaces/msg/detail/velocity_ned__rosidl_typesupport_fastrtps_c.h
[12.437s] -- Installing: /root/ros2_ws/install/drone_interfaces/include/drone_interfaces/drone_interfaces/msg/rosidl_typesupport_fastrtps_c__visibility_control.h
[12.437s] -- Installing: /root/ros2_ws/install/drone_interfaces/lib/libdrone_interfaces__rosidl_typesupport_fastrtps_c.so
[12.438s] -- Set non-toolchain portion of runtime path of "/root/ros2_ws/install/drone_interfaces/lib/libdrone_interfaces__rosidl_typesupport_fastrtps_c.so" to ""
[12.438s] -- Up-to-date: /root/ros2_ws/install/drone_interfaces/include/drone_interfaces/drone_interfaces
[12.438s] -- Up-to-date: /root/ros2_ws/install/drone_interfaces/include/drone_interfaces/drone_interfaces/msg
[12.438s] -- Up-to-date: /root/ros2_ws/install/drone_interfaces/include/drone_interfaces/drone_interfaces/msg/detail
[12.438s] -- Installing: /root/ros2_ws/install/drone_interfaces/include/drone_interfaces/drone_interfaces/msg/detail/velocity_ned__rosidl_typesupport_introspection_c.h
[12.438s] -- Installing: /root/ros2_ws/install/drone_interfaces/include/drone_interfaces/drone_interfaces/msg/detail/telemetry_data__type_support.c
[12.438s] -- Installing: /root/ros2_ws/install/drone_interfaces/include/drone_interfaces/drone_interfaces/msg/detail/velocity_ned__type_support.c
[12.438s] -- Installing: /root/ros2_ws/install/drone_interfaces/include/drone_interfaces/drone_interfaces/msg/detail/telemetry_data__rosidl_typesupport_introspection_c.h
[12.439s] -- Installing: /root/ros2_ws/install/drone_interfaces/include/drone_interfaces/drone_interfaces/msg/rosidl_typesupport_introspection_c__visibility_control.h
[12.439s] -- Installing: /root/ros2_ws/install/drone_interfaces/lib/libdrone_interfaces__rosidl_typesupport_introspection_c.so
[12.439s] -- Set non-toolchain portion of runtime path of "/root/ros2_ws/install/drone_interfaces/lib/libdrone_interfaces__rosidl_typesupport_introspection_c.so" to ""
[12.439s] -- Installing: /root/ros2_ws/install/drone_interfaces/lib/libdrone_interfaces__rosidl_typesupport_c.so
[12.439s] -- Set non-toolchain portion of runtime path of "/root/ros2_ws/install/drone_interfaces/lib/libdrone_interfaces__rosidl_typesupport_c.so" to ""
[12.439s] -- Up-to-date: /root/ros2_ws/install/drone_interfaces/include/drone_interfaces/drone_interfaces
[12.440s] -- Up-to-date: /root/ros2_ws/install/drone_interfaces/include/drone_interfaces/drone_interfaces/msg
[12.440s] -- Installing: /root/ros2_ws/install/drone_interfaces/include/drone_interfaces/drone_interfaces/msg/telemetry_data.hpp
[12.440s] -- Installing: /root/ros2_ws/install/drone_interfaces/include/drone_interfaces/drone_interfaces/msg/rosidl_generator_cpp__visibility_control.hpp
[12.440s] -- Up-to-date: /root/ros2_ws/install/drone_interfaces/include/drone_interfaces/drone_interfaces/msg/detail
[12.440s] -- Installing: /root/ros2_ws/install/drone_interfaces/include/drone_interfaces/drone_interfaces/msg/detail/telemetry_data__traits.hpp
[12.440s] -- Installing: /root/ros2_ws/install/drone_interfaces/include/drone_interfaces/drone_interfaces/msg/detail/telemetry_data__struct.hpp
[12.440s] -- Installing: /root/ros2_ws/install/drone_interfaces/include/drone_interfaces/drone_interfaces/msg/detail/telemetry_data__type_support.hpp
[12.440s] -- Installing: /root/ros2_ws/install/drone_interfaces/include/drone_interfaces/drone_interfaces/msg/detail/velocity_ned__traits.hpp
[12.440s] -- Installing: /root/ros2_ws/install/drone_interfaces/include/drone_interfaces/drone_interfaces/msg/detail/velocity_ned__builder.hpp
[12.440s] -- Installing: /root/ros2_ws/install/drone_interfaces/include/drone_interfaces/drone_interfaces/msg/detail/telemetry_data__builder.hpp
[12.441s] -- Installing: /root/ros2_ws/install/drone_interfaces/include/drone_interfaces/drone_interfaces/msg/detail/velocity_ned__struct.hpp
[12.441s] -- Installing: /root/ros2_ws/install/drone_interfaces/include/drone_interfaces/drone_interfaces/msg/detail/velocity_ned__type_support.hpp
[12.441s] -- Installing: /root/ros2_ws/install/drone_interfaces/include/drone_interfaces/drone_interfaces/msg/velocity_ned.hpp
[12.441s] -- Up-to-date: /root/ros2_ws/install/drone_interfaces/include/drone_interfaces/drone_interfaces
[12.441s] -- Up-to-date: /root/ros2_ws/install/drone_interfaces/include/drone_interfaces/drone_interfaces/msg
[12.441s] -- Up-to-date: /root/ros2_ws/install/drone_interfaces/include/drone_interfaces/drone_interfaces/msg/detail
[12.441s] -- Installing: /root/ros2_ws/install/drone_interfaces/include/drone_interfaces/drone_interfaces/msg/detail/velocity_ned__rosidl_typesupport_fastrtps_cpp.hpp
[12.441s] -- Installing: /root/ros2_ws/install/drone_interfaces/include/drone_interfaces/drone_interfaces/msg/detail/telemetry_data__rosidl_typesupport_fastrtps_cpp.hpp
[12.441s] -- Installing: /root/ros2_ws/install/drone_interfaces/include/drone_interfaces/drone_interfaces/msg/detail/dds_fastrtps
[12.441s] -- Installing: /root/ros2_ws/install/drone_interfaces/include/drone_interfaces/drone_interfaces/msg/rosidl_typesupport_fastrtps_cpp__visibility_control.h
[12.441s] -- Installing: /root/ros2_ws/install/drone_interfaces/lib/libdrone_interfaces__rosidl_typesupport_fastrtps_cpp.so
[12.442s] -- Set non-toolchain portion of runtime path of "/root/ros2_ws/install/drone_interfaces/lib/libdrone_interfaces__rosidl_typesupport_fastrtps_cpp.so" to ""
[12.442s] -- Up-to-date: /root/ros2_ws/install/drone_interfaces/include/drone_interfaces/drone_interfaces
[12.442s] -- Up-to-date: /root/ros2_ws/install/drone_interfaces/include/drone_interfaces/drone_interfaces/msg
[12.442s] -- Up-to-date: /root/ros2_ws/install/drone_interfaces/include/drone_interfaces/drone_interfaces/msg/detail
[12.442s] -- Installing: /root/ros2_ws/install/drone_interfaces/include/drone_interfaces/drone_interfaces/msg/detail/velocity_ned__rosidl_typesupport_introspection_cpp.hpp
[12.442s] -- Installing: /root/ros2_ws/install/drone_interfaces/include/drone_interfaces/drone_interfaces/msg/detail/velocity_ned__type_support.cpp
[12.442s] -- Installing: /root/ros2_ws/install/drone_interfaces/include/drone_interfaces/drone_interfaces/msg/detail/telemetry_data__rosidl_typesupport_introspection_cpp.hpp
[12.442s] -- Installing: /root/ros2_ws/install/drone_interfaces/include/drone_interfaces/drone_interfaces/msg/detail/telemetry_data__type_support.cpp
[12.442s] -- Installing: /root/ros2_ws/install/drone_interfaces/lib/libdrone_interfaces__rosidl_typesupport_introspection_cpp.so
[12.443s] -- Set non-toolchain portion of runtime path of "/root/ros2_ws/install/drone_interfaces/lib/libdrone_interfaces__rosidl_typesupport_introspection_cpp.so" to ""
[12.443s] -- Installing: /root/ros2_ws/install/drone_interfaces/lib/libdrone_interfaces__rosidl_typesupport_cpp.so
[12.443s] -- Set non-toolchain portion of runtime path of "/root/ros2_ws/install/drone_interfaces/lib/libdrone_interfaces__rosidl_typesupport_cpp.so" to ""
[12.443s] -- Installing: /root/ros2_ws/install/drone_interfaces/share/drone_interfaces/environment/pythonpath.sh
[12.443s] -- Installing: /root/ros2_ws/install/drone_interfaces/share/drone_interfaces/environment/pythonpath.dsv
[12.443s] -- Installing: /root/ros2_ws/install/drone_interfaces/lib/python3.12/site-packages/drone_interfaces-0.0.0-py3.12.egg-info
[12.444s] -- Installing: /root/ros2_ws/install/drone_interfaces/lib/python3.12/site-packages/drone_interfaces-0.0.0-py3.12.egg-info/PKG-INFO
[12.444s] -- Installing: /root/ros2_ws/install/drone_interfaces/lib/python3.12/site-packages/drone_interfaces-0.0.0-py3.12.egg-info/dependency_links.txt
[12.444s] -- Installing: /root/ros2_ws/install/drone_interfaces/lib/python3.12/site-packages/drone_interfaces-0.0.0-py3.12.egg-info/top_level.txt
[12.444s] -- Installing: /root/ros2_ws/install/drone_interfaces/lib/python3.12/site-packages/drone_interfaces-0.0.0-py3.12.egg-info/SOURCES.txt
[12.444s] -- Installing: /root/ros2_ws/install/drone_interfaces/lib/python3.12/site-packages/drone_interfaces
[12.444s] -- Installing: /root/ros2_ws/install/drone_interfaces/lib/python3.12/site-packages/drone_interfaces/_drone_interfaces_s.ep.rosidl_typesupport_introspection_c.c
[12.444s] -- Installing: /root/ros2_ws/install/drone_interfaces/lib/python3.12/site-packages/drone_interfaces/drone_interfaces_s__rosidl_typesupport_introspection_c.so
[12.444s] -- Installing: /root/ros2_ws/install/drone_interfaces/lib/python3.12/site-packages/drone_interfaces/_drone_interfaces_s.ep.rosidl_typesupport_c.c
[12.444s] -- Installing: /root/ros2_ws/install/drone_interfaces/lib/python3.12/site-packages/drone_interfaces/drone_interfaces_s__rosidl_typesupport_c.so
[12.445s] -- Installing: /root/ros2_ws/install/drone_interfaces/lib/python3.12/site-packages/drone_interfaces/__init__.py
[12.445s] -- Installing: /root/ros2_ws/install/drone_interfaces/lib/python3.12/site-packages/drone_interfaces/msg
[12.445s] -- Installing: /root/ros2_ws/install/drone_interfaces/lib/python3.12/site-packages/drone_interfaces/msg/_telemetry_data_s.c
[12.445s] -- Installing: /root/ros2_ws/install/drone_interfaces/lib/python3.12/site-packages/drone_interfaces/msg/_telemetry_data.py
[12.445s] -- Installing: /root/ros2_ws/install/drone_interfaces/lib/python3.12/site-packages/drone_interfaces/msg/_velocity_ned.py
[12.445s] -- Installing: /root/ros2_ws/install/drone_interfaces/lib/python3.12/site-packages/drone_interfaces/msg/__init__.py
[12.445s] -- Installing: /root/ros2_ws/install/drone_interfaces/lib/python3.12/site-packages/drone_interfaces/msg/_velocity_ned_s.c
[12.445s] -- Installing: /root/ros2_ws/install/drone_interfaces/lib/python3.12/site-packages/drone_interfaces/drone_interfaces_s__rosidl_typesupport_fastrtps_c.so
[12.445s] -- Installing: /root/ros2_ws/install/drone_interfaces/lib/python3.12/site-packages/drone_interfaces/_drone_interfaces_s.ep.rosidl_typesupport_fastrtps_c.c
[12.500s] Listing '/root/ros2_ws/install/drone_interfaces/lib/python3.12/site-packages/drone_interfaces'...
[12.500s] Compiling '/root/ros2_ws/install/drone_interfaces/lib/python3.12/site-packages/drone_interfaces/__init__.py'...
[12.500s] Listing '/root/ros2_ws/install/drone_interfaces/lib/python3.12/site-packages/drone_interfaces/msg'...
[12.500s] Compiling '/root/ros2_ws/install/drone_interfaces/lib/python3.12/site-packages/drone_interfaces/msg/__init__.py'...
[12.500s] Compiling '/root/ros2_ws/install/drone_interfaces/lib/python3.12/site-packages/drone_interfaces/msg/_telemetry_data.py'...
[12.500s] Compiling '/root/ros2_ws/install/drone_interfaces/lib/python3.12/site-packages/drone_interfaces/msg/_velocity_ned.py'...
[12.511s] -- Installing: /root/ros2_ws/install/drone_interfaces/lib/python3.12/site-packages/drone_interfaces/drone_interfaces_s__rosidl_typesupport_fastrtps_c.so
[12.511s] -- Set non-toolchain portion of runtime path of "/root/ros2_ws/install/drone_interfaces/lib/python3.12/site-packages/drone_interfaces/drone_interfaces_s__rosidl_typesupport_fastrtps_c.so" to ""
[12.512s] -- Installing: /root/ros2_ws/install/drone_interfaces/lib/python3.12/site-packages/drone_interfaces/drone_interfaces_s__rosidl_typesupport_introspection_c.so
[12.512s] -- Set non-toolchain portion of runtime path of "/root/ros2_ws/install/drone_interfaces/lib/python3.12/site-packages/drone_interfaces/drone_interfaces_s__rosidl_typesupport_introspection_c.so" to ""
[12.512s] -- Installing: /root/ros2_ws/install/drone_interfaces/lib/python3.12/site-packages/drone_interfaces/drone_interfaces_s__rosidl_typesupport_c.so
[12.512s] -- Set non-toolchain portion of runtime path of "/root/ros2_ws/install/drone_interfaces/lib/python3.12/site-packages/drone_interfaces/drone_interfaces_s__rosidl_typesupport_c.so" to ""
[12.517s] -- Installing: /root/ros2_ws/install/drone_interfaces/lib/libdrone_interfaces__rosidl_generator_py.so
[12.518s] -- Set non-toolchain portion of runtime path of "/root/ros2_ws/install/drone_interfaces/lib/libdrone_interfaces__rosidl_generator_py.so" to ""
[12.519s] -- Installing: /root/ros2_ws/install/drone_interfaces/share/drone_interfaces/msg/VelocityNed.idl
[12.519s] -- Installing: /root/ros2_ws/install/drone_interfaces/share/drone_interfaces/msg/TelemetryData.idl
[12.520s] -- Installing: /root/ros2_ws/install/drone_interfaces/share/drone_interfaces/msg/VelocityNed.msg
[12.522s] -- Installing: /root/ros2_ws/install/drone_interfaces/share/drone_interfaces/msg/TelemetryData.msg
[12.524s] -- Installing: /root/ros2_ws/install/drone_interfaces/share/ament_index/resource_index/package_run_dependencies/drone_interfaces
[12.524s] -- Installing: /root/ros2_ws/install/drone_interfaces/share/ament_index/resource_index/parent_prefix_path/drone_interfaces
[12.528s] -- Installing: /root/ros2_ws/install/drone_interfaces/share/drone_interfaces/environment/ament_prefix_path.sh
[12.528s] -- Installing: /root/ros2_ws/install/drone_interfaces/share/drone_interfaces/environment/ament_prefix_path.dsv
[12.530s] -- Installing: /root/ros2_ws/install/drone_interfaces/share/drone_interfaces/environment/path.sh
[12.531s] -- Installing: /root/ros2_ws/install/drone_interfaces/share/drone_interfaces/environment/path.dsv
[12.531s] -- Installing: /root/ros2_ws/install/drone_interfaces/share/drone_interfaces/local_setup.bash
[12.531s] -- Installing: /root/ros2_ws/install/drone_interfaces/share/drone_interfaces/local_setup.sh
[12.531s] -- Installing: /root/ros2_ws/install/drone_interfaces/share/drone_interfaces/local_setup.zsh
[12.532s] -- Installing: /root/ros2_ws/install/drone_interfaces/share/drone_interfaces/local_setup.dsv
[12.532s] -- Installing: /root/ros2_ws/install/drone_interfaces/share/drone_interfaces/package.dsv
[12.532s] -- Installing: /root/ros2_ws/install/drone_interfaces/share/ament_index/resource_index/packages/drone_interfaces
[12.532s] -- Installing: /root/ros2_ws/install/drone_interfaces/share/drone_interfaces/cmake/export_drone_interfaces__rosidl_generator_cExport.cmake
[12.532s] -- Installing: /root/ros2_ws/install/drone_interfaces/share/drone_interfaces/cmake/export_drone_interfaces__rosidl_generator_cExport-noconfig.cmake
[12.533s] -- Installing: /root/ros2_ws/install/drone_interfaces/share/drone_interfaces/cmake/export_drone_interfaces__rosidl_typesupport_fastrtps_cExport.cmake
[12.533s] -- Installing: /root/ros2_ws/install/drone_interfaces/share/drone_interfaces/cmake/export_drone_interfaces__rosidl_typesupport_fastrtps_cExport-noconfig.cmake
[12.533s] -- Installing: /root/ros2_ws/install/drone_interfaces/share/drone_interfaces/cmake/drone_interfaces__rosidl_typesupport_introspection_cExport.cmake
[12.533s] -- Installing: /root/ros2_ws/install/drone_interfaces/share/drone_interfaces/cmake/drone_interfaces__rosidl_typesupport_introspection_cExport-noconfig.cmake
[12.533s] -- Installing: /root/ros2_ws/install/drone_interfaces/share/drone_interfaces/cmake/drone_interfaces__rosidl_typesupport_cExport.cmake
[12.533s] -- Installing: /root/ros2_ws/install/drone_interfaces/share/drone_interfaces/cmake/drone_interfaces__rosidl_typesupport_cExport-noconfig.cmake
[12.533s] -- Installing: /root/ros2_ws/install/drone_interfaces/share/drone_interfaces/cmake/export_drone_interfaces__rosidl_generator_cppExport.cmake
[12.534s] -- Installing: /root/ros2_ws/install/drone_interfaces/share/drone_interfaces/cmake/export_drone_interfaces__rosidl_typesupport_fastrtps_cppExport.cmake
[12.534s] -- Installing: /root/ros2_ws/install/drone_interfaces/share/drone_interfaces/cmake/export_drone_interfaces__rosidl_typesupport_fastrtps_cppExport-noconfig.cmake
[12.534s] -- Installing: /root/ros2_ws/install/drone_interfaces/share/drone_interfaces/cmake/drone_interfaces__rosidl_typesupport_introspection_cppExport.cmake
[12.534s] -- Installing: /root/ros2_ws/install/drone_interfaces/share/drone_interfaces/cmake/drone_interfaces__rosidl_typesupport_introspection_cppExport-noconfig.cmake
[12.534s] -- Installing: /root/ros2_ws/install/drone_interfaces/share/drone_interfaces/cmake/drone_interfaces__rosidl_typesupport_cppExport.cmake
[12.534s] -- Installing: /root/ros2_ws/install/drone_interfaces/share/drone_interfaces/cmake/drone_interfaces__rosidl_typesupport_cppExport-noconfig.cmake
[12.535s] -- Installing: /root/ros2_ws/install/drone_interfaces/share/drone_interfaces/cmake/export_drone_interfaces__rosidl_generator_pyExport.cmake
[12.535s] -- Installing: /root/ros2_ws/install/drone_interfaces/share/drone_interfaces/cmake/export_drone_interfaces__rosidl_generator_pyExport-noconfig.cmake
[12.535s] -- Installing: /root/ros2_ws/install/drone_interfaces/share/drone_interfaces/cmake/rosidl_cmake-extras.cmake
[12.535s] -- Installing: /root/ros2_ws/install/drone_interfaces/share/drone_interfaces/cmake/ament_cmake_export_include_directories-extras.cmake
[12.535s] -- Installing: /root/ros2_ws/install/drone_interfaces/share/drone_interfaces/cmake/ament_cmake_export_libraries-extras.cmake
[12.535s] -- Installing: /root/ros2_ws/install/drone_interfaces/share/drone_interfaces/cmake/ament_cmake_export_targets-extras.cmake
[12.535s] -- Installing: /root/ros2_ws/install/drone_interfaces/share/drone_interfaces/cmake/rosidl_cmake_export_typesupport_targets-extras.cmake
[12.535s] -- Installing: /root/ros2_ws/install/drone_interfaces/share/drone_interfaces/cmake/ament_cmake_export_dependencies-extras.cmake
[12.536s] -- Installing: /root/ros2_ws/install/drone_interfaces/share/drone_interfaces/cmake/rosidl_cmake_export_typesupport_libraries-extras.cmake
[12.536s] -- Installing: /root/ros2_ws/install/drone_interfaces/share/drone_interfaces/cmake/drone_interfacesConfig.cmake
[12.536s] -- Installing: /root/ros2_ws/install/drone_interfaces/share/drone_interfaces/cmake/drone_interfacesConfig-version.cmake
[12.536s] -- Installing: /root/ros2_ws/install/drone_interfaces/share/drone_interfaces/package.xml
[12.539s] Invoked command in '/root/ros2_ws/build/drone_interfaces' returned '0': CMAKE_PREFIX_PATH=${CMAKE_PREFIX_PATH}:/root/ros2_ws/install/drone_controlling:/opt/ros/jazzy /usr/bin/cmake --install /root/ros2_ws/build/drone_interfaces
