/root/ros2_ws/install/drone_controlling/lib/python3.12/site-packages/drone_controlling/tele1.py
/root/ros2_ws/install/drone_controlling/lib/python3.12/site-packages/drone_controlling/commander.py
/root/ros2_ws/install/drone_controlling/lib/python3.12/site-packages/drone_controlling/test1.py
/root/ros2_ws/install/drone_controlling/lib/python3.12/site-packages/drone_controlling/cmd_test.py
/root/ros2_ws/install/drone_controlling/lib/python3.12/site-packages/drone_controlling/test2.py
/root/ros2_ws/install/drone_controlling/lib/python3.12/site-packages/drone_controlling/test_image.py
/root/ros2_ws/install/drone_controlling/lib/python3.12/site-packages/drone_controlling/cam.py
/root/ros2_ws/install/drone_controlling/lib/python3.12/site-packages/drone_controlling/collector.py
/root/ros2_ws/install/drone_controlling/lib/python3.12/site-packages/drone_controlling/com_test.py
/root/ros2_ws/install/drone_controlling/lib/python3.12/site-packages/drone_controlling/movement.py
/root/ros2_ws/install/drone_controlling/lib/python3.12/site-packages/drone_controlling/__init__.py
/root/ros2_ws/install/drone_controlling/lib/python3.12/site-packages/drone_controlling/tele_test.py
/root/ros2_ws/install/drone_controlling/lib/python3.12/site-packages/drone_controlling/logs.py
/root/ros2_ws/install/drone_controlling/lib/python3.12/site-packages/drone_controlling/docker.py
/root/ros2_ws/install/drone_controlling/lib/python3.12/site-packages/drone_controlling/manual.py
/root/ros2_ws/install/drone_controlling/lib/python3.12/site-packages/drone_controlling/AICoordinates.py
/root/ros2_ws/install/drone_controlling/lib/python3.12/site-packages/drone_controlling/telemetry.py
/root/ros2_ws/install/drone_controlling/lib/python3.12/site-packages/drone_controlling/PIDMovement.py
/root/ros2_ws/install/drone_controlling/lib/python3.12/site-packages/drone_controlling/test3.py
/root/ros2_ws/install/drone_controlling/lib/python3.12/site-packages/drone_controlling/__pycache__/tele1.cpython-312.pyc
/root/ros2_ws/install/drone_controlling/lib/python3.12/site-packages/drone_controlling/__pycache__/commander.cpython-312.pyc
/root/ros2_ws/install/drone_controlling/lib/python3.12/site-packages/drone_controlling/__pycache__/test1.cpython-312.pyc
/root/ros2_ws/install/drone_controlling/lib/python3.12/site-packages/drone_controlling/__pycache__/cmd_test.cpython-312.pyc
/root/ros2_ws/install/drone_controlling/lib/python3.12/site-packages/drone_controlling/__pycache__/test2.cpython-312.pyc
/root/ros2_ws/install/drone_controlling/lib/python3.12/site-packages/drone_controlling/__pycache__/test_image.cpython-312.pyc
/root/ros2_ws/install/drone_controlling/lib/python3.12/site-packages/drone_controlling/__pycache__/cam.cpython-312.pyc
/root/ros2_ws/install/drone_controlling/lib/python3.12/site-packages/drone_controlling/__pycache__/collector.cpython-312.pyc
/root/ros2_ws/install/drone_controlling/lib/python3.12/site-packages/drone_controlling/__pycache__/com_test.cpython-312.pyc
/root/ros2_ws/install/drone_controlling/lib/python3.12/site-packages/drone_controlling/__pycache__/movement.cpython-312.pyc
/root/ros2_ws/install/drone_controlling/lib/python3.12/site-packages/drone_controlling/__pycache__/__init__.cpython-312.pyc
/root/ros2_ws/install/drone_controlling/lib/python3.12/site-packages/drone_controlling/__pycache__/tele_test.cpython-312.pyc
/root/ros2_ws/install/drone_controlling/lib/python3.12/site-packages/drone_controlling/__pycache__/logs.cpython-312.pyc
/root/ros2_ws/install/drone_controlling/lib/python3.12/site-packages/drone_controlling/__pycache__/docker.cpython-312.pyc
/root/ros2_ws/install/drone_controlling/lib/python3.12/site-packages/drone_controlling/__pycache__/manual.cpython-312.pyc
/root/ros2_ws/install/drone_controlling/lib/python3.12/site-packages/drone_controlling/__pycache__/AICoordinates.cpython-312.pyc
/root/ros2_ws/install/drone_controlling/lib/python3.12/site-packages/drone_controlling/__pycache__/telemetry.cpython-312.pyc
/root/ros2_ws/install/drone_controlling/lib/python3.12/site-packages/drone_controlling/__pycache__/PIDMovement.cpython-312.pyc
/root/ros2_ws/install/drone_controlling/lib/python3.12/site-packages/drone_controlling/__pycache__/test3.cpython-312.pyc
/root/ros2_ws/install/drone_controlling/share/ament_index/resource_index/packages/drone_controlling
/root/ros2_ws/install/drone_controlling/share/drone_controlling/package.xml
/root/ros2_ws/install/drone_controlling/lib/python3.12/site-packages/drone_controlling-0.0.0-py3.12.egg-info/requires.txt
/root/ros2_ws/install/drone_controlling/lib/python3.12/site-packages/drone_controlling-0.0.0-py3.12.egg-info/zip-safe
/root/ros2_ws/install/drone_controlling/lib/python3.12/site-packages/drone_controlling-0.0.0-py3.12.egg-info/entry_points.txt
/root/ros2_ws/install/drone_controlling/lib/python3.12/site-packages/drone_controlling-0.0.0-py3.12.egg-info/PKG-INFO
/root/ros2_ws/install/drone_controlling/lib/python3.12/site-packages/drone_controlling-0.0.0-py3.12.egg-info/dependency_links.txt
/root/ros2_ws/install/drone_controlling/lib/python3.12/site-packages/drone_controlling-0.0.0-py3.12.egg-info/top_level.txt
/root/ros2_ws/install/drone_controlling/lib/python3.12/site-packages/drone_controlling-0.0.0-py3.12.egg-info/SOURCES.txt
/root/ros2_ws/install/drone_controlling/lib/drone_controlling/AICoordinates
/root/ros2_ws/install/drone_controlling/lib/drone_controlling/PIDMovement
/root/ros2_ws/install/drone_controlling/lib/drone_controlling/collector
/root/ros2_ws/install/drone_controlling/lib/drone_controlling/commander
/root/ros2_ws/install/drone_controlling/lib/drone_controlling/movement
/root/ros2_ws/install/drone_controlling/lib/drone_controlling/telemtry
