[0.016s] Invoking command in '/root/ros2_ws/build/drone_interfaces': CMAKE_PREFIX_PATH=${CMAKE_PREFIX_PATH}:/root/ros2_ws/install/drone_controlling:/opt/ros/jazzy /usr/bin/cmake --build /root/ros2_ws/build/drone_interfaces -- -j4 -l4
[0.107s] [  2%] Built target drone_interfaces__rosidl_generator_type_description
[0.124s] [  2%] Built target ament_cmake_python_copy_drone_interfaces
[0.147s] [  4%] Built target drone_interfaces__cpp
[0.181s] [ 22%] Built target drone_interfaces__rosidl_generator_c
[0.216s] [ 31%] Built target drone_interfaces__rosidl_typesupport_introspection_c
[0.245s] [ 40%] Built target drone_interfaces__rosidl_typesupport_fastrtps_c
[0.268s] [ 50%] Built target drone_interfaces__rosidl_typesupport_introspection_cpp
[0.285s] [ 59%] Built target drone_interfaces__rosidl_typesupport_cpp
[0.300s] [ 68%] Built target drone_interfaces__rosidl_typesupport_c
[0.305s] [ 77%] Built target drone_interfaces__rosidl_typesupport_fastrtps_cpp
[0.341s] [ 77%] Built target drone_interfaces
[0.383s] [ 79%] Built target drone_interfaces__py
[0.434s] [ 86%] Built target drone_interfaces__rosidl_generator_py
[0.492s] [ 90%] Built target drone_interfaces_s__rosidl_typesupport_introspection_c
[0.503s] [100%] Built target drone_interfaces_s__rosidl_typesupport_c
[0.503s] [100%] Built target drone_interfaces_s__rosidl_typesupport_fastrtps_c
[0.582s] running egg_info
[0.601s] writing drone_interfaces.egg-info/PKG-INFO
[0.601s] writing dependency_links to drone_interfaces.egg-info/dependency_links.txt
[0.606s] writing top-level names to drone_interfaces.egg-info/top_level.txt
[0.671s] reading manifest file 'drone_interfaces.egg-info/SOURCES.txt'
[0.672s] writing manifest file 'drone_interfaces.egg-info/SOURCES.txt'
[0.753s] [100%] Built target ament_cmake_python_build_drone_interfaces_egg
[0.768s] Invoked command in '/root/ros2_ws/build/drone_interfaces' returned '0': CMAKE_PREFIX_PATH=${CMAKE_PREFIX_PATH}:/root/ros2_ws/install/drone_controlling:/opt/ros/jazzy /usr/bin/cmake --build /root/ros2_ws/build/drone_interfaces -- -j4 -l4
[0.858s] Invoking command in '/root/ros2_ws/build/drone_interfaces': CMAKE_PREFIX_PATH=${CMAKE_PREFIX_PATH}:/root/ros2_ws/install/drone_controlling:/opt/ros/jazzy /usr/bin/cmake --install /root/ros2_ws/build/drone_interfaces
[0.871s] -- Install configuration: ""
[0.871s] -- Up-to-date: /root/ros2_ws/install/drone_interfaces/share/ament_index/resource_index/rosidl_interfaces/drone_interfaces
[0.871s] -- Up-to-date: /root/ros2_ws/install/drone_interfaces/share/drone_interfaces/msg/VelocityNed.json
[0.871s] -- Up-to-date: /root/ros2_ws/install/drone_interfaces/share/drone_interfaces/msg/TelemetryData.json
[0.872s] -- Up-to-date: /root/ros2_ws/install/drone_interfaces/include/drone_interfaces/drone_interfaces
[0.872s] -- Up-to-date: /root/ros2_ws/install/drone_interfaces/include/drone_interfaces/drone_interfaces/msg
[0.872s] -- Up-to-date: /root/ros2_ws/install/drone_interfaces/include/drone_interfaces/drone_interfaces/msg/detail
[0.873s] -- Up-to-date: /root/ros2_ws/install/drone_interfaces/include/drone_interfaces/drone_interfaces/msg/detail/velocity_ned__type_support.h
[0.873s] -- Up-to-date: /root/ros2_ws/install/drone_interfaces/include/drone_interfaces/drone_interfaces/msg/detail/telemetry_data__struct.h
[0.873s] -- Up-to-date: /root/ros2_ws/install/drone_interfaces/include/drone_interfaces/drone_interfaces/msg/detail/telemetry_data__functions.h
[0.873s] -- Up-to-date: /root/ros2_ws/install/drone_interfaces/include/drone_interfaces/drone_interfaces/msg/detail/velocity_ned__description.c
[0.873s] -- Up-to-date: /root/ros2_ws/install/drone_interfaces/include/drone_interfaces/drone_interfaces/msg/detail/velocity_ned__struct.h
[0.874s] -- Up-to-date: /root/ros2_ws/install/drone_interfaces/include/drone_interfaces/drone_interfaces/msg/detail/velocity_ned__functions.c
[0.874s] -- Up-to-date: /root/ros2_ws/install/drone_interfaces/include/drone_interfaces/drone_interfaces/msg/detail/telemetry_data__type_support.c
[0.874s] -- Up-to-date: /root/ros2_ws/install/drone_interfaces/include/drone_interfaces/drone_interfaces/msg/detail/velocity_ned__type_support.c
[0.874s] -- Up-to-date: /root/ros2_ws/install/drone_interfaces/include/drone_interfaces/drone_interfaces/msg/detail/velocity_ned__functions.h
[0.874s] -- Up-to-date: /root/ros2_ws/install/drone_interfaces/include/drone_interfaces/drone_interfaces/msg/detail/telemetry_data__type_support.h
[0.874s] -- Up-to-date: /root/ros2_ws/install/drone_interfaces/include/drone_interfaces/drone_interfaces/msg/detail/telemetry_data__functions.c
[0.875s] -- Up-to-date: /root/ros2_ws/install/drone_interfaces/include/drone_interfaces/drone_interfaces/msg/detail/telemetry_data__description.c
[0.875s] -- Up-to-date: /root/ros2_ws/install/drone_interfaces/include/drone_interfaces/drone_interfaces/msg/velocity_ned.h
[0.875s] -- Up-to-date: /root/ros2_ws/install/drone_interfaces/include/drone_interfaces/drone_interfaces/msg/telemetry_data.h
[0.875s] -- Up-to-date: /root/ros2_ws/install/drone_interfaces/include/drone_interfaces/drone_interfaces/msg/rosidl_generator_c__visibility_control.h
[0.875s] -- Up-to-date: /root/ros2_ws/install/drone_interfaces/share/drone_interfaces/environment/library_path.sh
[0.875s] -- Up-to-date: /root/ros2_ws/install/drone_interfaces/share/drone_interfaces/environment/library_path.dsv
[0.875s] -- Up-to-date: /root/ros2_ws/install/drone_interfaces/lib/libdrone_interfaces__rosidl_generator_c.so
[0.875s] -- Up-to-date: /root/ros2_ws/install/drone_interfaces/include/drone_interfaces/drone_interfaces
[0.875s] -- Up-to-date: /root/ros2_ws/install/drone_interfaces/include/drone_interfaces/drone_interfaces/msg
[0.875s] -- Up-to-date: /root/ros2_ws/install/drone_interfaces/include/drone_interfaces/drone_interfaces/msg/detail
[0.875s] -- Up-to-date: /root/ros2_ws/install/drone_interfaces/include/drone_interfaces/drone_interfaces/msg/detail/telemetry_data__rosidl_typesupport_fastrtps_c.h
[0.876s] -- Up-to-date: /root/ros2_ws/install/drone_interfaces/include/drone_interfaces/drone_interfaces/msg/detail/velocity_ned__rosidl_typesupport_fastrtps_c.h
[0.876s] -- Up-to-date: /root/ros2_ws/install/drone_interfaces/include/drone_interfaces/drone_interfaces/msg/rosidl_typesupport_fastrtps_c__visibility_control.h
[0.876s] -- Up-to-date: /root/ros2_ws/install/drone_interfaces/lib/libdrone_interfaces__rosidl_typesupport_fastrtps_c.so
[0.876s] -- Up-to-date: /root/ros2_ws/install/drone_interfaces/include/drone_interfaces/drone_interfaces
[0.876s] -- Up-to-date: /root/ros2_ws/install/drone_interfaces/include/drone_interfaces/drone_interfaces/msg
[0.876s] -- Up-to-date: /root/ros2_ws/install/drone_interfaces/include/drone_interfaces/drone_interfaces/msg/detail
[0.876s] -- Up-to-date: /root/ros2_ws/install/drone_interfaces/include/drone_interfaces/drone_interfaces/msg/detail/velocity_ned__rosidl_typesupport_introspection_c.h
[0.876s] -- Up-to-date: /root/ros2_ws/install/drone_interfaces/include/drone_interfaces/drone_interfaces/msg/detail/telemetry_data__type_support.c
[0.876s] -- Up-to-date: /root/ros2_ws/install/drone_interfaces/include/drone_interfaces/drone_interfaces/msg/detail/velocity_ned__type_support.c
[0.876s] -- Up-to-date: /root/ros2_ws/install/drone_interfaces/include/drone_interfaces/drone_interfaces/msg/detail/telemetry_data__rosidl_typesupport_introspection_c.h
[0.876s] -- Up-to-date: /root/ros2_ws/install/drone_interfaces/include/drone_interfaces/drone_interfaces/msg/rosidl_typesupport_introspection_c__visibility_control.h
[0.876s] -- Up-to-date: /root/ros2_ws/install/drone_interfaces/lib/libdrone_interfaces__rosidl_typesupport_introspection_c.so
[0.877s] -- Up-to-date: /root/ros2_ws/install/drone_interfaces/lib/libdrone_interfaces__rosidl_typesupport_c.so
[0.877s] -- Up-to-date: /root/ros2_ws/install/drone_interfaces/include/drone_interfaces/drone_interfaces
[0.877s] -- Up-to-date: /root/ros2_ws/install/drone_interfaces/include/drone_interfaces/drone_interfaces/msg
[0.877s] -- Up-to-date: /root/ros2_ws/install/drone_interfaces/include/drone_interfaces/drone_interfaces/msg/telemetry_data.hpp
[0.877s] -- Up-to-date: /root/ros2_ws/install/drone_interfaces/include/drone_interfaces/drone_interfaces/msg/rosidl_generator_cpp__visibility_control.hpp
[0.877s] -- Up-to-date: /root/ros2_ws/install/drone_interfaces/include/drone_interfaces/drone_interfaces/msg/detail
[0.877s] -- Up-to-date: /root/ros2_ws/install/drone_interfaces/include/drone_interfaces/drone_interfaces/msg/detail/telemetry_data__traits.hpp
[0.877s] -- Up-to-date: /root/ros2_ws/install/drone_interfaces/include/drone_interfaces/drone_interfaces/msg/detail/telemetry_data__struct.hpp
[0.877s] -- Up-to-date: /root/ros2_ws/install/drone_interfaces/include/drone_interfaces/drone_interfaces/msg/detail/telemetry_data__type_support.hpp
[0.877s] -- Up-to-date: /root/ros2_ws/install/drone_interfaces/include/drone_interfaces/drone_interfaces/msg/detail/velocity_ned__traits.hpp
[0.877s] -- Up-to-date: /root/ros2_ws/install/drone_interfaces/include/drone_interfaces/drone_interfaces/msg/detail/velocity_ned__builder.hpp
[0.878s] -- Up-to-date: /root/ros2_ws/install/drone_interfaces/include/drone_interfaces/drone_interfaces/msg/detail/telemetry_data__builder.hpp
[0.878s] -- Up-to-date: /root/ros2_ws/install/drone_interfaces/include/drone_interfaces/drone_interfaces/msg/detail/velocity_ned__struct.hpp
[0.878s] -- Up-to-date: /root/ros2_ws/install/drone_interfaces/include/drone_interfaces/drone_interfaces/msg/detail/velocity_ned__type_support.hpp
[0.878s] -- Up-to-date: /root/ros2_ws/install/drone_interfaces/include/drone_interfaces/drone_interfaces/msg/velocity_ned.hpp
[0.878s] -- Up-to-date: /root/ros2_ws/install/drone_interfaces/include/drone_interfaces/drone_interfaces
[0.878s] -- Up-to-date: /root/ros2_ws/install/drone_interfaces/include/drone_interfaces/drone_interfaces/msg
[0.878s] -- Up-to-date: /root/ros2_ws/install/drone_interfaces/include/drone_interfaces/drone_interfaces/msg/detail
[0.878s] -- Up-to-date: /root/ros2_ws/install/drone_interfaces/include/drone_interfaces/drone_interfaces/msg/detail/velocity_ned__rosidl_typesupport_fastrtps_cpp.hpp
[0.878s] -- Up-to-date: /root/ros2_ws/install/drone_interfaces/include/drone_interfaces/drone_interfaces/msg/detail/telemetry_data__rosidl_typesupport_fastrtps_cpp.hpp
[0.878s] -- Up-to-date: /root/ros2_ws/install/drone_interfaces/include/drone_interfaces/drone_interfaces/msg/detail/dds_fastrtps
[0.878s] -- Up-to-date: /root/ros2_ws/install/drone_interfaces/include/drone_interfaces/drone_interfaces/msg/rosidl_typesupport_fastrtps_cpp__visibility_control.h
[0.879s] -- Up-to-date: /root/ros2_ws/install/drone_interfaces/lib/libdrone_interfaces__rosidl_typesupport_fastrtps_cpp.so
[0.879s] -- Up-to-date: /root/ros2_ws/install/drone_interfaces/include/drone_interfaces/drone_interfaces
[0.879s] -- Up-to-date: /root/ros2_ws/install/drone_interfaces/include/drone_interfaces/drone_interfaces/msg
[0.879s] -- Up-to-date: /root/ros2_ws/install/drone_interfaces/include/drone_interfaces/drone_interfaces/msg/detail
[0.879s] -- Up-to-date: /root/ros2_ws/install/drone_interfaces/include/drone_interfaces/drone_interfaces/msg/detail/velocity_ned__rosidl_typesupport_introspection_cpp.hpp
[0.879s] -- Up-to-date: /root/ros2_ws/install/drone_interfaces/include/drone_interfaces/drone_interfaces/msg/detail/velocity_ned__type_support.cpp
[0.879s] -- Up-to-date: /root/ros2_ws/install/drone_interfaces/include/drone_interfaces/drone_interfaces/msg/detail/telemetry_data__rosidl_typesupport_introspection_cpp.hpp
[0.879s] -- Up-to-date: /root/ros2_ws/install/drone_interfaces/include/drone_interfaces/drone_interfaces/msg/detail/telemetry_data__type_support.cpp
[0.879s] -- Up-to-date: /root/ros2_ws/install/drone_interfaces/lib/libdrone_interfaces__rosidl_typesupport_introspection_cpp.so
[0.880s] -- Up-to-date: /root/ros2_ws/install/drone_interfaces/lib/libdrone_interfaces__rosidl_typesupport_cpp.so
[0.880s] -- Up-to-date: /root/ros2_ws/install/drone_interfaces/share/drone_interfaces/environment/pythonpath.sh
[0.880s] -- Up-to-date: /root/ros2_ws/install/drone_interfaces/share/drone_interfaces/environment/pythonpath.dsv
[0.880s] -- Up-to-date: /root/ros2_ws/install/drone_interfaces/lib/python3.12/site-packages/drone_interfaces-0.0.0-py3.12.egg-info
[0.880s] -- Installing: /root/ros2_ws/install/drone_interfaces/lib/python3.12/site-packages/drone_interfaces-0.0.0-py3.12.egg-info/PKG-INFO
[0.880s] -- Installing: /root/ros2_ws/install/drone_interfaces/lib/python3.12/site-packages/drone_interfaces-0.0.0-py3.12.egg-info/dependency_links.txt
[0.880s] -- Installing: /root/ros2_ws/install/drone_interfaces/lib/python3.12/site-packages/drone_interfaces-0.0.0-py3.12.egg-info/top_level.txt
[0.880s] -- Installing: /root/ros2_ws/install/drone_interfaces/lib/python3.12/site-packages/drone_interfaces-0.0.0-py3.12.egg-info/SOURCES.txt
[0.880s] -- Up-to-date: /root/ros2_ws/install/drone_interfaces/lib/python3.12/site-packages/drone_interfaces
[0.880s] -- Up-to-date: /root/ros2_ws/install/drone_interfaces/lib/python3.12/site-packages/drone_interfaces/_drone_interfaces_s.ep.rosidl_typesupport_introspection_c.c
[0.880s] -- Up-to-date: /root/ros2_ws/install/drone_interfaces/lib/python3.12/site-packages/drone_interfaces/drone_interfaces_s__rosidl_typesupport_introspection_c.so
[0.880s] -- Up-to-date: /root/ros2_ws/install/drone_interfaces/lib/python3.12/site-packages/drone_interfaces/_drone_interfaces_s.ep.rosidl_typesupport_c.c
[0.881s] -- Up-to-date: /root/ros2_ws/install/drone_interfaces/lib/python3.12/site-packages/drone_interfaces/drone_interfaces_s__rosidl_typesupport_c.so
[0.881s] -- Up-to-date: /root/ros2_ws/install/drone_interfaces/lib/python3.12/site-packages/drone_interfaces/__init__.py
[0.881s] -- Up-to-date: /root/ros2_ws/install/drone_interfaces/lib/python3.12/site-packages/drone_interfaces/msg
[0.881s] -- Up-to-date: /root/ros2_ws/install/drone_interfaces/lib/python3.12/site-packages/drone_interfaces/msg/_telemetry_data_s.c
[0.881s] -- Up-to-date: /root/ros2_ws/install/drone_interfaces/lib/python3.12/site-packages/drone_interfaces/msg/_telemetry_data.py
[0.881s] -- Up-to-date: /root/ros2_ws/install/drone_interfaces/lib/python3.12/site-packages/drone_interfaces/msg/_velocity_ned.py
[0.881s] -- Up-to-date: /root/ros2_ws/install/drone_interfaces/lib/python3.12/site-packages/drone_interfaces/msg/__init__.py
[0.881s] -- Up-to-date: /root/ros2_ws/install/drone_interfaces/lib/python3.12/site-packages/drone_interfaces/msg/_velocity_ned_s.c
[0.881s] -- Up-to-date: /root/ros2_ws/install/drone_interfaces/lib/python3.12/site-packages/drone_interfaces/drone_interfaces_s__rosidl_typesupport_fastrtps_c.so
[0.881s] -- Up-to-date: /root/ros2_ws/install/drone_interfaces/lib/python3.12/site-packages/drone_interfaces/_drone_interfaces_s.ep.rosidl_typesupport_fastrtps_c.c
[0.942s] Listing '/root/ros2_ws/install/drone_interfaces/lib/python3.12/site-packages/drone_interfaces'...
[0.944s] Listing '/root/ros2_ws/install/drone_interfaces/lib/python3.12/site-packages/drone_interfaces/msg'...
[0.963s] -- Up-to-date: /root/ros2_ws/install/drone_interfaces/lib/python3.12/site-packages/drone_interfaces/drone_interfaces_s__rosidl_typesupport_fastrtps_c.so
[0.964s] -- Up-to-date: /root/ros2_ws/install/drone_interfaces/lib/python3.12/site-packages/drone_interfaces/drone_interfaces_s__rosidl_typesupport_introspection_c.so
[0.964s] -- Up-to-date: /root/ros2_ws/install/drone_interfaces/lib/python3.12/site-packages/drone_interfaces/drone_interfaces_s__rosidl_typesupport_c.so
[0.964s] -- Up-to-date: /root/ros2_ws/install/drone_interfaces/lib/libdrone_interfaces__rosidl_generator_py.so
[0.964s] -- Up-to-date: /root/ros2_ws/install/drone_interfaces/share/drone_interfaces/msg/VelocityNed.idl
[0.964s] -- Up-to-date: /root/ros2_ws/install/drone_interfaces/share/drone_interfaces/msg/TelemetryData.idl
[0.964s] -- Up-to-date: /root/ros2_ws/install/drone_interfaces/share/drone_interfaces/msg/VelocityNed.msg
[0.964s] -- Up-to-date: /root/ros2_ws/install/drone_interfaces/share/drone_interfaces/msg/TelemetryData.msg
[0.964s] -- Up-to-date: /root/ros2_ws/install/drone_interfaces/share/ament_index/resource_index/package_run_dependencies/drone_interfaces
[0.965s] -- Up-to-date: /root/ros2_ws/install/drone_interfaces/share/ament_index/resource_index/parent_prefix_path/drone_interfaces
[0.965s] -- Up-to-date: /root/ros2_ws/install/drone_interfaces/share/drone_interfaces/environment/ament_prefix_path.sh
[0.965s] -- Up-to-date: /root/ros2_ws/install/drone_interfaces/share/drone_interfaces/environment/ament_prefix_path.dsv
[0.965s] -- Up-to-date: /root/ros2_ws/install/drone_interfaces/share/drone_interfaces/environment/path.sh
[0.965s] -- Up-to-date: /root/ros2_ws/install/drone_interfaces/share/drone_interfaces/environment/path.dsv
[0.965s] -- Up-to-date: /root/ros2_ws/install/drone_interfaces/share/drone_interfaces/local_setup.bash
[0.965s] -- Up-to-date: /root/ros2_ws/install/drone_interfaces/share/drone_interfaces/local_setup.sh
[0.965s] -- Up-to-date: /root/ros2_ws/install/drone_interfaces/share/drone_interfaces/local_setup.zsh
[0.965s] -- Up-to-date: /root/ros2_ws/install/drone_interfaces/share/drone_interfaces/local_setup.dsv
[0.965s] -- Installing: /root/ros2_ws/install/drone_interfaces/share/drone_interfaces/package.dsv
[0.966s] -- Up-to-date: /root/ros2_ws/install/drone_interfaces/share/ament_index/resource_index/packages/drone_interfaces
[0.966s] -- Up-to-date: /root/ros2_ws/install/drone_interfaces/share/drone_interfaces/cmake/export_drone_interfaces__rosidl_generator_cExport.cmake
[0.966s] -- Up-to-date: /root/ros2_ws/install/drone_interfaces/share/drone_interfaces/cmake/export_drone_interfaces__rosidl_generator_cExport-noconfig.cmake
[0.966s] -- Up-to-date: /root/ros2_ws/install/drone_interfaces/share/drone_interfaces/cmake/export_drone_interfaces__rosidl_typesupport_fastrtps_cExport.cmake
[0.966s] -- Up-to-date: /root/ros2_ws/install/drone_interfaces/share/drone_interfaces/cmake/export_drone_interfaces__rosidl_typesupport_fastrtps_cExport-noconfig.cmake
[0.966s] -- Up-to-date: /root/ros2_ws/install/drone_interfaces/share/drone_interfaces/cmake/drone_interfaces__rosidl_typesupport_introspection_cExport.cmake
[0.966s] -- Up-to-date: /root/ros2_ws/install/drone_interfaces/share/drone_interfaces/cmake/drone_interfaces__rosidl_typesupport_introspection_cExport-noconfig.cmake
[0.966s] -- Up-to-date: /root/ros2_ws/install/drone_interfaces/share/drone_interfaces/cmake/drone_interfaces__rosidl_typesupport_cExport.cmake
[0.966s] -- Up-to-date: /root/ros2_ws/install/drone_interfaces/share/drone_interfaces/cmake/drone_interfaces__rosidl_typesupport_cExport-noconfig.cmake
[0.967s] -- Up-to-date: /root/ros2_ws/install/drone_interfaces/share/drone_interfaces/cmake/export_drone_interfaces__rosidl_generator_cppExport.cmake
[0.967s] -- Up-to-date: /root/ros2_ws/install/drone_interfaces/share/drone_interfaces/cmake/export_drone_interfaces__rosidl_typesupport_fastrtps_cppExport.cmake
[0.967s] -- Up-to-date: /root/ros2_ws/install/drone_interfaces/share/drone_interfaces/cmake/export_drone_interfaces__rosidl_typesupport_fastrtps_cppExport-noconfig.cmake
[0.967s] -- Up-to-date: /root/ros2_ws/install/drone_interfaces/share/drone_interfaces/cmake/drone_interfaces__rosidl_typesupport_introspection_cppExport.cmake
[0.967s] -- Up-to-date: /root/ros2_ws/install/drone_interfaces/share/drone_interfaces/cmake/drone_interfaces__rosidl_typesupport_introspection_cppExport-noconfig.cmake
[0.967s] -- Up-to-date: /root/ros2_ws/install/drone_interfaces/share/drone_interfaces/cmake/drone_interfaces__rosidl_typesupport_cppExport.cmake
[0.967s] -- Up-to-date: /root/ros2_ws/install/drone_interfaces/share/drone_interfaces/cmake/drone_interfaces__rosidl_typesupport_cppExport-noconfig.cmake
[0.967s] -- Up-to-date: /root/ros2_ws/install/drone_interfaces/share/drone_interfaces/cmake/export_drone_interfaces__rosidl_generator_pyExport.cmake
[0.967s] -- Up-to-date: /root/ros2_ws/install/drone_interfaces/share/drone_interfaces/cmake/export_drone_interfaces__rosidl_generator_pyExport-noconfig.cmake
[0.967s] -- Up-to-date: /root/ros2_ws/install/drone_interfaces/share/drone_interfaces/cmake/rosidl_cmake-extras.cmake
[0.967s] -- Up-to-date: /root/ros2_ws/install/drone_interfaces/share/drone_interfaces/cmake/ament_cmake_export_include_directories-extras.cmake
[0.967s] -- Up-to-date: /root/ros2_ws/install/drone_interfaces/share/drone_interfaces/cmake/ament_cmake_export_libraries-extras.cmake
[0.968s] -- Up-to-date: /root/ros2_ws/install/drone_interfaces/share/drone_interfaces/cmake/ament_cmake_export_targets-extras.cmake
[0.968s] -- Up-to-date: /root/ros2_ws/install/drone_interfaces/share/drone_interfaces/cmake/rosidl_cmake_export_typesupport_targets-extras.cmake
[0.968s] -- Up-to-date: /root/ros2_ws/install/drone_interfaces/share/drone_interfaces/cmake/ament_cmake_export_dependencies-extras.cmake
[0.968s] -- Up-to-date: /root/ros2_ws/install/drone_interfaces/share/drone_interfaces/cmake/rosidl_cmake_export_typesupport_libraries-extras.cmake
[0.968s] -- Up-to-date: /root/ros2_ws/install/drone_interfaces/share/drone_interfaces/cmake/drone_interfacesConfig.cmake
[0.968s] -- Up-to-date: /root/ros2_ws/install/drone_interfaces/share/drone_interfaces/cmake/drone_interfacesConfig-version.cmake
[0.968s] -- Up-to-date: /root/ros2_ws/install/drone_interfaces/share/drone_interfaces/package.xml
[0.973s] Invoked command in '/root/ros2_ws/build/drone_interfaces' returned '0': CMAKE_PREFIX_PATH=${CMAKE_PREFIX_PATH}:/root/ros2_ws/install/drone_controlling:/opt/ros/jazzy /usr/bin/cmake --install /root/ros2_ws/build/drone_interfaces
