[1.414s] Invoking command in '/root/ros2_ws/src/drone_controlling': PYTHONPATH=/root/ros2_ws/build/drone_controlling/prefix_override:/usr/lib/python3/dist-packages/colcon_core/task/python/colcon_distutils_commands:/root/ros2_ws/install/drone_controlling/lib/python3.12/site-packages:/root/ros2_ws/install/drone_interfaces/lib/python3.12/site-packages:/root/ros2_ws/install/drone_controlling/lib/python3.12/site-packages:/opt/ros/jazzy/lib/python3.12/site-packages /usr/bin/python3 -W ignore:setup.py install is deprecated setup.py egg_info --egg-base ../../build/drone_controlling build --build-base /root/ros2_ws/build/drone_controlling/build install --record /root/ros2_ws/build/drone_controlling/install.log --single-version-externally-managed install_data
[1.713s] running egg_info
[1.714s] creating ../../build/drone_controlling/drone_controlling.egg-info
[1.728s] writing ../../build/drone_controlling/drone_controlling.egg-info/PKG-INFO
[1.728s] writing dependency_links to ../../build/drone_controlling/drone_controlling.egg-info/dependency_links.txt
[1.729s] writing entry points to ../../build/drone_controlling/drone_controlling.egg-info/entry_points.txt
[1.729s] writing requirements to ../../build/drone_controlling/drone_controlling.egg-info/requires.txt
[1.729s] writing top-level names to ../../build/drone_controlling/drone_controlling.egg-info/top_level.txt
[1.729s] writing manifest file '../../build/drone_controlling/drone_controlling.egg-info/SOURCES.txt'
[1.761s] reading manifest file '../../build/drone_controlling/drone_controlling.egg-info/SOURCES.txt'
[1.767s] writing manifest file '../../build/drone_controlling/drone_controlling.egg-info/SOURCES.txt'
[1.767s] running build
[1.767s] running build_py
[1.768s] creating /root/ros2_ws/build/drone_controlling/build
[1.768s] creating /root/ros2_ws/build/drone_controlling/build/lib
[1.768s] creating /root/ros2_ws/build/drone_controlling/build/lib/drone_controlling
[1.768s] copying drone_controlling/tele1.py -> /root/ros2_ws/build/drone_controlling/build/lib/drone_controlling
[1.770s] copying drone_controlling/commander.py -> /root/ros2_ws/build/drone_controlling/build/lib/drone_controlling
[1.771s] copying drone_controlling/test1.py -> /root/ros2_ws/build/drone_controlling/build/lib/drone_controlling
[1.773s] copying drone_controlling/cmd_test.py -> /root/ros2_ws/build/drone_controlling/build/lib/drone_controlling
[1.774s] copying drone_controlling/test2.py -> /root/ros2_ws/build/drone_controlling/build/lib/drone_controlling
[1.775s] copying drone_controlling/test_image.py -> /root/ros2_ws/build/drone_controlling/build/lib/drone_controlling
[1.775s] copying drone_controlling/cam.py -> /root/ros2_ws/build/drone_controlling/build/lib/drone_controlling
[1.775s] copying drone_controlling/collector.py -> /root/ros2_ws/build/drone_controlling/build/lib/drone_controlling
[1.776s] copying drone_controlling/com_test.py -> /root/ros2_ws/build/drone_controlling/build/lib/drone_controlling
[1.776s] copying drone_controlling/movement.py -> /root/ros2_ws/build/drone_controlling/build/lib/drone_controlling
[1.777s] copying drone_controlling/__init__.py -> /root/ros2_ws/build/drone_controlling/build/lib/drone_controlling
[1.777s] copying drone_controlling/tele_test.py -> /root/ros2_ws/build/drone_controlling/build/lib/drone_controlling
[1.778s] copying drone_controlling/logs.py -> /root/ros2_ws/build/drone_controlling/build/lib/drone_controlling
[1.779s] copying drone_controlling/docker.py -> /root/ros2_ws/build/drone_controlling/build/lib/drone_controlling
[1.779s] copying drone_controlling/manual.py -> /root/ros2_ws/build/drone_controlling/build/lib/drone_controlling
[1.780s] copying drone_controlling/telemetry.py -> /root/ros2_ws/build/drone_controlling/build/lib/drone_controlling
[1.780s] copying drone_controlling/test3.py -> /root/ros2_ws/build/drone_controlling/build/lib/drone_controlling
[1.780s] running install
[1.790s] running install_lib
[1.806s] creating /root/ros2_ws/install/drone_controlling/lib/python3.12/site-packages/drone_controlling
[1.806s] copying /root/ros2_ws/build/drone_controlling/build/lib/drone_controlling/tele1.py -> /root/ros2_ws/install/drone_controlling/lib/python3.12/site-packages/drone_controlling
[1.806s] copying /root/ros2_ws/build/drone_controlling/build/lib/drone_controlling/commander.py -> /root/ros2_ws/install/drone_controlling/lib/python3.12/site-packages/drone_controlling
[1.806s] copying /root/ros2_ws/build/drone_controlling/build/lib/drone_controlling/test1.py -> /root/ros2_ws/install/drone_controlling/lib/python3.12/site-packages/drone_controlling
[1.806s] copying /root/ros2_ws/build/drone_controlling/build/lib/drone_controlling/cmd_test.py -> /root/ros2_ws/install/drone_controlling/lib/python3.12/site-packages/drone_controlling
[1.806s] copying /root/ros2_ws/build/drone_controlling/build/lib/drone_controlling/test2.py -> /root/ros2_ws/install/drone_controlling/lib/python3.12/site-packages/drone_controlling
[1.806s] copying /root/ros2_ws/build/drone_controlling/build/lib/drone_controlling/test_image.py -> /root/ros2_ws/install/drone_controlling/lib/python3.12/site-packages/drone_controlling
[1.807s] copying /root/ros2_ws/build/drone_controlling/build/lib/drone_controlling/cam.py -> /root/ros2_ws/install/drone_controlling/lib/python3.12/site-packages/drone_controlling
[1.807s] copying /root/ros2_ws/build/drone_controlling/build/lib/drone_controlling/collector.py -> /root/ros2_ws/install/drone_controlling/lib/python3.12/site-packages/drone_controlling
[1.807s] copying /root/ros2_ws/build/drone_controlling/build/lib/drone_controlling/com_test.py -> /root/ros2_ws/install/drone_controlling/lib/python3.12/site-packages/drone_controlling
[1.807s] copying /root/ros2_ws/build/drone_controlling/build/lib/drone_controlling/movement.py -> /root/ros2_ws/install/drone_controlling/lib/python3.12/site-packages/drone_controlling
[1.807s] copying /root/ros2_ws/build/drone_controlling/build/lib/drone_controlling/__init__.py -> /root/ros2_ws/install/drone_controlling/lib/python3.12/site-packages/drone_controlling
[1.807s] copying /root/ros2_ws/build/drone_controlling/build/lib/drone_controlling/tele_test.py -> /root/ros2_ws/install/drone_controlling/lib/python3.12/site-packages/drone_controlling
[1.807s] copying /root/ros2_ws/build/drone_controlling/build/lib/drone_controlling/logs.py -> /root/ros2_ws/install/drone_controlling/lib/python3.12/site-packages/drone_controlling
[1.807s] copying /root/ros2_ws/build/drone_controlling/build/lib/drone_controlling/docker.py -> /root/ros2_ws/install/drone_controlling/lib/python3.12/site-packages/drone_controlling
[1.808s] copying /root/ros2_ws/build/drone_controlling/build/lib/drone_controlling/manual.py -> /root/ros2_ws/install/drone_controlling/lib/python3.12/site-packages/drone_controlling
[1.808s] copying /root/ros2_ws/build/drone_controlling/build/lib/drone_controlling/telemetry.py -> /root/ros2_ws/install/drone_controlling/lib/python3.12/site-packages/drone_controlling
[1.808s] copying /root/ros2_ws/build/drone_controlling/build/lib/drone_controlling/test3.py -> /root/ros2_ws/install/drone_controlling/lib/python3.12/site-packages/drone_controlling
[1.809s] byte-compiling /root/ros2_ws/install/drone_controlling/lib/python3.12/site-packages/drone_controlling/tele1.py to tele1.cpython-312.pyc
[1.809s] byte-compiling /root/ros2_ws/install/drone_controlling/lib/python3.12/site-packages/drone_controlling/commander.py to commander.cpython-312.pyc
[1.811s] byte-compiling /root/ros2_ws/install/drone_controlling/lib/python3.12/site-packages/drone_controlling/test1.py to test1.cpython-312.pyc
[1.811s] byte-compiling /root/ros2_ws/install/drone_controlling/lib/python3.12/site-packages/drone_controlling/cmd_test.py to cmd_test.cpython-312.pyc
[1.812s] byte-compiling /root/ros2_ws/install/drone_controlling/lib/python3.12/site-packages/drone_controlling/test2.py to test2.cpython-312.pyc
[1.812s] byte-compiling /root/ros2_ws/install/drone_controlling/lib/python3.12/site-packages/drone_controlling/test_image.py to test_image.cpython-312.pyc
[1.813s] byte-compiling /root/ros2_ws/install/drone_controlling/lib/python3.12/site-packages/drone_controlling/cam.py to cam.cpython-312.pyc
[1.813s] byte-compiling /root/ros2_ws/install/drone_controlling/lib/python3.12/site-packages/drone_controlling/collector.py to collector.cpython-312.pyc
[1.814s] byte-compiling /root/ros2_ws/install/drone_controlling/lib/python3.12/site-packages/drone_controlling/com_test.py to com_test.cpython-312.pyc
[1.815s] byte-compiling /root/ros2_ws/install/drone_controlling/lib/python3.12/site-packages/drone_controlling/movement.py to movement.cpython-312.pyc
[1.817s] byte-compiling /root/ros2_ws/install/drone_controlling/lib/python3.12/site-packages/drone_controlling/__init__.py to __init__.cpython-312.pyc
[1.817s] byte-compiling /root/ros2_ws/install/drone_controlling/lib/python3.12/site-packages/drone_controlling/tele_test.py to tele_test.cpython-312.pyc
[1.818s] byte-compiling /root/ros2_ws/install/drone_controlling/lib/python3.12/site-packages/drone_controlling/logs.py to logs.cpython-312.pyc
[1.819s] byte-compiling /root/ros2_ws/install/drone_controlling/lib/python3.12/site-packages/drone_controlling/docker.py to docker.cpython-312.pyc
[1.819s] byte-compiling /root/ros2_ws/install/drone_controlling/lib/python3.12/site-packages/drone_controlling/manual.py to manual.cpython-312.pyc
[1.819s] byte-compiling /root/ros2_ws/install/drone_controlling/lib/python3.12/site-packages/drone_controlling/telemetry.py to telemetry.cpython-312.pyc
[1.820s] byte-compiling /root/ros2_ws/install/drone_controlling/lib/python3.12/site-packages/drone_controlling/test3.py to test3.cpython-312.pyc
[1.820s] running install_data
[1.820s] creating /root/ros2_ws/install/drone_controlling/share/ament_index
[1.821s] creating /root/ros2_ws/install/drone_controlling/share/ament_index/resource_index
[1.821s] creating /root/ros2_ws/install/drone_controlling/share/ament_index/resource_index/packages
[1.821s] copying resource/drone_controlling -> /root/ros2_ws/install/drone_controlling/share/ament_index/resource_index/packages
[1.821s] copying package.xml -> /root/ros2_ws/install/drone_controlling/share/drone_controlling
[1.822s] running install_egg_info
[1.839s] Copying ../../build/drone_controlling/drone_controlling.egg-info to /root/ros2_ws/install/drone_controlling/lib/python3.12/site-packages/drone_controlling-0.0.0-py3.12.egg-info
[1.840s] running install_scripts
[2.005s] Installing collector script to /root/ros2_ws/install/drone_controlling/lib/drone_controlling
[2.005s] Installing commander script to /root/ros2_ws/install/drone_controlling/lib/drone_controlling
[2.006s] Installing movement script to /root/ros2_ws/install/drone_controlling/lib/drone_controlling
[2.006s] Installing telemtry script to /root/ros2_ws/install/drone_controlling/lib/drone_controlling
[2.007s] writing list of installed files to '/root/ros2_ws/build/drone_controlling/install.log'
[2.091s] Invoked command in '/root/ros2_ws/src/drone_controlling' returned '0': PYTHONPATH=/root/ros2_ws/build/drone_controlling/prefix_override:/usr/lib/python3/dist-packages/colcon_core/task/python/colcon_distutils_commands:/root/ros2_ws/install/drone_controlling/lib/python3.12/site-packages:/root/ros2_ws/install/drone_interfaces/lib/python3.12/site-packages:/root/ros2_ws/install/drone_controlling/lib/python3.12/site-packages:/opt/ros/jazzy/lib/python3.12/site-packages /usr/bin/python3 -W ignore:setup.py install is deprecated setup.py egg_info --egg-base ../../build/drone_controlling build --build-base /root/ros2_ws/build/drone_controlling/build install --record /root/ros2_ws/build/drone_controlling/install.log --single-version-externally-managed install_data
