[1.046s] Invoking command in '/root/ros2_ws/src/drone_controlling': PYTHONPATH=/root/ros2_ws/build/drone_controlling/prefix_override:/usr/lib/python3/dist-packages/colcon_core/task/python/colcon_distutils_commands:/root/ros2_ws/install/drone_controlling/lib/python3.12/site-packages:/root/ros2_ws/install/drone_interfaces/lib/python3.12/site-packages:/root/ros2_ws/install/drone_controlling/lib/python3.12/site-packages:/opt/ros/jazzy/lib/python3.12/site-packages /usr/bin/python3 -W ignore:setup.py install is deprecated setup.py egg_info --egg-base ../../build/drone_controlling build --build-base /root/ros2_ws/build/drone_controlling/build install --record /root/ros2_ws/build/drone_controlling/install.log --single-version-externally-managed install_data
[1.353s] running egg_info
[1.371s] writing ../../build/drone_controlling/drone_controlling.egg-info/PKG-INFO
[1.371s] writing dependency_links to ../../build/drone_controlling/drone_controlling.egg-info/dependency_links.txt
[1.372s] writing entry points to ../../build/drone_controlling/drone_controlling.egg-info/entry_points.txt
[1.372s] writing requirements to ../../build/drone_controlling/drone_controlling.egg-info/requires.txt
[1.373s] writing top-level names to ../../build/drone_controlling/drone_controlling.egg-info/top_level.txt
[1.404s] reading manifest file '../../build/drone_controlling/drone_controlling.egg-info/SOURCES.txt'
[1.406s] writing manifest file '../../build/drone_controlling/drone_controlling.egg-info/SOURCES.txt'
[1.406s] running build
[1.406s] running build_py
[1.407s] copying drone_controlling/PIDMovement.py -> /root/ros2_ws/build/drone_controlling/build/lib/drone_controlling
[1.408s] running install
[1.416s] running install_lib
[1.445s] copying /root/ros2_ws/build/drone_controlling/build/lib/drone_controlling/PIDMovement.py -> /root/ros2_ws/install/drone_controlling/lib/python3.12/site-packages/drone_controlling
[1.445s] byte-compiling /root/ros2_ws/install/drone_controlling/lib/python3.12/site-packages/drone_controlling/PIDMovement.py to PIDMovement.cpython-312.pyc
[1.446s] running install_data
[1.447s] running install_egg_info
[1.465s] removing '/root/ros2_ws/install/drone_controlling/lib/python3.12/site-packages/drone_controlling-0.0.0-py3.12.egg-info' (and everything under it)
[1.465s] Copying ../../build/drone_controlling/drone_controlling.egg-info to /root/ros2_ws/install/drone_controlling/lib/python3.12/site-packages/drone_controlling-0.0.0-py3.12.egg-info
[1.468s] running install_scripts
[1.596s] Installing AICoordinates script to /root/ros2_ws/install/drone_controlling/lib/drone_controlling
[1.596s] Installing PIDMovement script to /root/ros2_ws/install/drone_controlling/lib/drone_controlling
[1.597s] Installing collector script to /root/ros2_ws/install/drone_controlling/lib/drone_controlling
[1.598s] Installing commander script to /root/ros2_ws/install/drone_controlling/lib/drone_controlling
[1.599s] Installing movement script to /root/ros2_ws/install/drone_controlling/lib/drone_controlling
[1.600s] Installing telemtry script to /root/ros2_ws/install/drone_controlling/lib/drone_controlling
[1.601s] writing list of installed files to '/root/ros2_ws/build/drone_controlling/install.log'
[1.701s] Invoked command in '/root/ros2_ws/src/drone_controlling' returned '0': PYTHONPATH=/root/ros2_ws/build/drone_controlling/prefix_override:/usr/lib/python3/dist-packages/colcon_core/task/python/colcon_distutils_commands:/root/ros2_ws/install/drone_controlling/lib/python3.12/site-packages:/root/ros2_ws/install/drone_interfaces/lib/python3.12/site-packages:/root/ros2_ws/install/drone_controlling/lib/python3.12/site-packages:/opt/ros/jazzy/lib/python3.12/site-packages /usr/bin/python3 -W ignore:setup.py install is deprecated setup.py egg_info --egg-base ../../build/drone_controlling build --build-base /root/ros2_ws/build/drone_controlling/build install --record /root/ros2_ws/build/drone_controlling/install.log --single-version-externally-managed install_data
