[1.175s] Invoking command in '/root/ros2_ws/src/drone_controlling': PYTHONPATH=/root/ros2_ws/build/drone_controlling/prefix_override:/usr/lib/python3/dist-packages/colcon_core/task/python/colcon_distutils_commands:/root/ros2_ws/install/drone_controlling/lib/python3.12/site-packages:/root/ros2_ws/install/drone_interfaces/lib/python3.12/site-packages:/root/ros2_ws/install/drone_controlling/lib/python3.12/site-packages:/opt/ros/jazzy/lib/python3.12/site-packages /usr/bin/python3 -W ignore:setup.py install is deprecated setup.py egg_info --egg-base ../../build/drone_controlling build --build-base /root/ros2_ws/build/drone_controlling/build install --record /root/ros2_ws/build/drone_controlling/install.log --single-version-externally-managed install_data
[1.530s] running egg_info
[1.548s] writing ../../build/drone_controlling/drone_controlling.egg-info/PKG-INFO
[1.548s] writing dependency_links to ../../build/drone_controlling/drone_controlling.egg-info/dependency_links.txt
[1.550s] writing entry points to ../../build/drone_controlling/drone_controlling.egg-info/entry_points.txt
[1.551s] writing requirements to ../../build/drone_controlling/drone_controlling.egg-info/requires.txt
[1.551s] writing top-level names to ../../build/drone_controlling/drone_controlling.egg-info/top_level.txt
[1.583s] reading manifest file '../../build/drone_controlling/drone_controlling.egg-info/SOURCES.txt'
[1.588s] writing manifest file '../../build/drone_controlling/drone_controlling.egg-info/SOURCES.txt'
[1.588s] running build
[1.588s] running build_py
[1.590s] copying drone_controlling/AICoordinates.py -> /root/ros2_ws/build/drone_controlling/build/lib/drone_controlling
[1.592s] running install
[1.608s] running install_lib
[1.626s] copying /root/ros2_ws/build/drone_controlling/build/lib/drone_controlling/AICoordinates.py -> /root/ros2_ws/install/drone_controlling/lib/python3.12/site-packages/drone_controlling
[1.627s] byte-compiling /root/ros2_ws/install/drone_controlling/lib/python3.12/site-packages/drone_controlling/AICoordinates.py to AICoordinates.cpython-312.pyc
[1.629s]   File "/root/ros2_ws/install/drone_controlling/lib/python3.12/site-packages/drone_controlling/AICoordinates.py", line 125
[1.629s]     print(f"X coordinate {tracker_x + tracker_w * 0.5")
[1.629s]                                                      ^
[1.629s] SyntaxError: f-string: expecting '}'
[1.629s] 
[1.629s] running install_data
[1.630s] running install_egg_info
[1.649s] removing '/root/ros2_ws/install/drone_controlling/lib/python3.12/site-packages/drone_controlling-0.0.0-py3.12.egg-info' (and everything under it)
[1.649s] Copying ../../build/drone_controlling/drone_controlling.egg-info to /root/ros2_ws/install/drone_controlling/lib/python3.12/site-packages/drone_controlling-0.0.0-py3.12.egg-info
[1.650s] running install_scripts
[1.790s] Installing AICoordinates script to /root/ros2_ws/install/drone_controlling/lib/drone_controlling
[1.790s] Installing PIDMovement script to /root/ros2_ws/install/drone_controlling/lib/drone_controlling
[1.790s] Installing collector script to /root/ros2_ws/install/drone_controlling/lib/drone_controlling
[1.790s] Installing commander script to /root/ros2_ws/install/drone_controlling/lib/drone_controlling
[1.790s] Installing movement script to /root/ros2_ws/install/drone_controlling/lib/drone_controlling
[1.792s] Installing telemtry script to /root/ros2_ws/install/drone_controlling/lib/drone_controlling
[1.796s] writing list of installed files to '/root/ros2_ws/build/drone_controlling/install.log'
[1.908s] Invoked command in '/root/ros2_ws/src/drone_controlling' returned '0': PYTHONPATH=/root/ros2_ws/build/drone_controlling/prefix_override:/usr/lib/python3/dist-packages/colcon_core/task/python/colcon_distutils_commands:/root/ros2_ws/install/drone_controlling/lib/python3.12/site-packages:/root/ros2_ws/install/drone_interfaces/lib/python3.12/site-packages:/root/ros2_ws/install/drone_controlling/lib/python3.12/site-packages:/opt/ros/jazzy/lib/python3.12/site-packages /usr/bin/python3 -W ignore:setup.py install is deprecated setup.py egg_info --egg-base ../../build/drone_controlling build --build-base /root/ros2_ws/build/drone_controlling/build install --record /root/ros2_ws/build/drone_controlling/install.log --single-version-externally-managed install_data
