running egg_info
writing ../../build/drone_controlling/drone_controlling.egg-info/PKG-INFO
writing dependency_links to ../../build/drone_controlling/drone_controlling.egg-info/dependency_links.txt
writing entry points to ../../build/drone_controlling/drone_controlling.egg-info/entry_points.txt
writing requirements to ../../build/drone_controlling/drone_controlling.egg-info/requires.txt
writing top-level names to ../../build/drone_controlling/drone_controlling.egg-info/top_level.txt
reading manifest file '../../build/drone_controlling/drone_controlling.egg-info/SOURCES.txt'
writing manifest file '../../build/drone_controlling/drone_controlling.egg-info/SOURCES.txt'
running build
running build_py
copying drone_controlling/id_test.py -> /root/ros2_ws/build/drone_controlling/build/lib/drone_controlling
copying drone_controlling/main_client.py -> /root/ros2_ws/build/drone_controlling/build/lib/drone_controlling
running install
running install_lib
copying /root/ros2_ws/build/drone_controlling/build/lib/drone_controlling/id_test.py -> /root/ros2_ws/install/drone_controlling/lib/python3.12/site-packages/drone_controlling
copying /root/ros2_ws/build/drone_controlling/build/lib/drone_controlling/main_client.py -> /root/ros2_ws/install/drone_controlling/lib/python3.12/site-packages/drone_controlling
byte-compiling /root/ros2_ws/install/drone_controlling/lib/python3.12/site-packages/drone_controlling/id_test.py to id_test.cpython-312.pyc
byte-compiling /root/ros2_ws/install/drone_controlling/lib/python3.12/site-packages/drone_controlling/main_client.py to main_client.cpython-312.pyc
running install_data
running install_egg_info
removing '/root/ros2_ws/install/drone_controlling/lib/python3.12/site-packages/drone_controlling-0.0.0-py3.12.egg-info' (and everything under it)
Copying ../../build/drone_controlling/drone_controlling.egg-info to /root/ros2_ws/install/drone_controlling/lib/python3.12/site-packages/drone_controlling-0.0.0-py3.12.egg-info
running install_scripts
Installing collector script to /root/ros2_ws/install/drone_controlling/lib/drone_controlling
Installing commander script to /root/ros2_ws/install/drone_controlling/lib/drone_controlling
Installing movement script to /root/ros2_ws/install/drone_controlling/lib/drone_controlling
Installing telemtry script to /root/ros2_ws/install/drone_controlling/lib/drone_controlling
writing list of installed files to '/root/ros2_ws/build/drone_controlling/install.log'
