[1.256s] Invoking command in '/root/ros2_ws/src/drone_controlling': PYTHONPATH=/root/ros2_ws/build/drone_controlling/prefix_override:/usr/lib/python3/dist-packages/colcon_core/task/python/colcon_distutils_commands:/root/ros2_ws/install/drone_controlling/lib/python3.12/site-packages:/root/ros2_ws/install/drone_interfaces/lib/python3.12/site-packages:/root/ros2_ws/install/drone_controlling/lib/python3.12/site-packages:/opt/ros/jazzy/lib/python3.12/site-packages /usr/bin/python3 -W ignore:setup.py install is deprecated setup.py egg_info --egg-base ../../build/drone_controlling build --build-base /root/ros2_ws/build/drone_controlling/build install --record /root/ros2_ws/build/drone_controlling/install.log --single-version-externally-managed install_data
[1.577s] running egg_info
[1.590s] writing ../../build/drone_controlling/drone_controlling.egg-info/PKG-INFO
[1.592s] writing dependency_links to ../../build/drone_controlling/drone_controlling.egg-info/dependency_links.txt
[1.593s] writing entry points to ../../build/drone_controlling/drone_controlling.egg-info/entry_points.txt
[1.593s] writing requirements to ../../build/drone_controlling/drone_controlling.egg-info/requires.txt
[1.594s] writing top-level names to ../../build/drone_controlling/drone_controlling.egg-info/top_level.txt
[1.627s] reading manifest file '../../build/drone_controlling/drone_controlling.egg-info/SOURCES.txt'
[1.629s] writing manifest file '../../build/drone_controlling/drone_controlling.egg-info/SOURCES.txt'
[1.630s] running build
[1.630s] running build_py
[1.632s] copying drone_controlling/id_test.py -> /root/ros2_ws/build/drone_controlling/build/lib/drone_controlling
[1.632s] copying drone_controlling/main_client.py -> /root/ros2_ws/build/drone_controlling/build/lib/drone_controlling
[1.633s] running install
[1.641s] running install_lib
[1.657s] copying /root/ros2_ws/build/drone_controlling/build/lib/drone_controlling/id_test.py -> /root/ros2_ws/install/drone_controlling/lib/python3.12/site-packages/drone_controlling
[1.657s] copying /root/ros2_ws/build/drone_controlling/build/lib/drone_controlling/main_client.py -> /root/ros2_ws/install/drone_controlling/lib/python3.12/site-packages/drone_controlling
[1.658s] byte-compiling /root/ros2_ws/install/drone_controlling/lib/python3.12/site-packages/drone_controlling/id_test.py to id_test.cpython-312.pyc
[1.659s] byte-compiling /root/ros2_ws/install/drone_controlling/lib/python3.12/site-packages/drone_controlling/main_client.py to main_client.cpython-312.pyc
[1.667s] running install_data
[1.671s] running install_egg_info
[1.692s] removing '/root/ros2_ws/install/drone_controlling/lib/python3.12/site-packages/drone_controlling-0.0.0-py3.12.egg-info' (and everything under it)
[1.692s] Copying ../../build/drone_controlling/drone_controlling.egg-info to /root/ros2_ws/install/drone_controlling/lib/python3.12/site-packages/drone_controlling-0.0.0-py3.12.egg-info
[1.695s] running install_scripts
[1.827s] Installing collector script to /root/ros2_ws/install/drone_controlling/lib/drone_controlling
[1.828s] Installing commander script to /root/ros2_ws/install/drone_controlling/lib/drone_controlling
[1.829s] Installing movement script to /root/ros2_ws/install/drone_controlling/lib/drone_controlling
[1.829s] Installing telemtry script to /root/ros2_ws/install/drone_controlling/lib/drone_controlling
[1.831s] writing list of installed files to '/root/ros2_ws/build/drone_controlling/install.log'
[1.927s] Invoked command in '/root/ros2_ws/src/drone_controlling' returned '0': PYTHONPATH=/root/ros2_ws/build/drone_controlling/prefix_override:/usr/lib/python3/dist-packages/colcon_core/task/python/colcon_distutils_commands:/root/ros2_ws/install/drone_controlling/lib/python3.12/site-packages:/root/ros2_ws/install/drone_interfaces/lib/python3.12/site-packages:/root/ros2_ws/install/drone_controlling/lib/python3.12/site-packages:/opt/ros/jazzy/lib/python3.12/site-packages /usr/bin/python3 -W ignore:setup.py install is deprecated setup.py egg_info --egg-base ../../build/drone_controlling build --build-base /root/ros2_ws/build/drone_controlling/build install --record /root/ros2_ws/build/drone_controlling/install.log --single-version-externally-managed install_data
